Log file open, 12/01/18 18:54:54
LogWindows: Failed to load 'aqProf.dll' (GetLastError=126)
LogWindows: File 'aqProf.dll' does not exist
LogWindows: Failed to load 'VtuneApi.dll' (GetLastError=126)
LogWindows: File 'VtuneApi.dll' does not exist
LogWindows: Failed to load 'VtuneApi32e.dll' (GetLastError=126)
LogWindows: File 'VtuneApi32e.dll' does not exist
LogInit: Display: Running engine for game: FinalProject
LogPlatformFile: Not using cached read wrapper
LogInit: Display: RandInit(1315889274) SRandInit(1315889274).
LogInit: Read version file with build ID '3944462'
LogInit: Overriding engine version to CL 4033788, compatible CL 3944462
LogInit: Registered custom module enumerator with build ID '3944462'
LogTaskGraph: Started task graph with 5 named threads and 35 total threads with 3 sets of task threads.
LogStats: Stats thread started at 0.408923
LogD3D11RHI: Aftermath initialized
LogICUInternationalization: Display: ICU TimeZone Detection - Raw Offset: -6:00, Platform Override: ''
LogModuleManager: Display: Found up-to-date module file ../../../Engine/Plugins/2D/Paper2D/Binaries/Win64/UE4Editor-Paper2D.dll (API version 3944462).
LogModuleManager: Display: Found up-to-date module file ../../../Engine/Plugins/2D/Paper2D/Binaries/Win64/UE4Editor-Paper2DEditor.dll (API version 3944462).
LogModuleManager: Display: Found up-to-date module file ../../../Engine/Plugins/2D/Paper2D/Binaries/Win64/UE4Editor-PaperSpriteSheetImporter.dll (API version 3944462).
LogModuleManager: Display: Found up-to-date module file ../../../Engine/Plugins/2D/Paper2D/Binaries/Win64/UE4Editor-PaperTiledImporter.dll (API version 3944462).
LogModuleManager: Display: Found up-to-date module file ../../../Engine/Plugins/2D/Paper2D/Binaries/Win64/UE4Editor-SmartSnapping.dll (API version 3944462).
LogModuleManager: Display: Found up-to-date module file ../../../Engine/Plugins/Blendables/LightPropagationVolume/Binaries/Win64/UE4Editor-LightPropagationVolumeRuntime.dll (API version 3944462).
LogModuleManager: Display: Found up-to-date module file ../../../Engine/Plugins/Blendables/LightPropagationVolume/Binaries/Win64/UE4Editor-LightPropagationVolumeEditor.dll (API version 3944462).
LogModuleManager: Display: Found up-to-date module file ../../../Engine/Plugins/Developer/CLionSourceCodeAccess/Binaries/Win64/UE4Editor-CLionSourceCodeAccess.dll (API version 3944462).
LogModuleManager: Display: Found up-to-date module file ../../../Engine/Plugins/Developer/GitSourceControl/Binaries/Win64/UE4Editor-GitSourceControl.dll (API version 3944462).
LogModuleManager: Display: Found up-to-date module file ../../../Engine/Plugins/Developer/PerforceSourceControl/Binaries/Win64/UE4Editor-PerforceSourceControl.dll (API version 3944462).
LogModuleManager: Display: Found up-to-date module file ../../../Engine/Plugins/Developer/SubversionSourceControl/Binaries/Win64/UE4Editor-SubversionSourceControl.dll (API version 3944462).
LogModuleManager: Display: Found up-to-date module file ../../../Engine/Plugins/Developer/UObjectPlugin/Binaries/Win64/UE4Editor-UObjectPlugin.dll (API version 3944462).
LogModuleManager: Display: Found up-to-date module file ../../../Engine/Plugins/Developer/VisualStudioCodeSourceCodeAccess/Binaries/Win64/UE4Editor-VisualStudioCodeSourceCodeAccess.dll (API version 3944462).
LogModuleManager: Display: Found up-to-date module file ../../../Engine/Plugins/Developer/VisualStudioSourceCodeAccess/Binaries/Win64/UE4Editor-VisualStudioSourceCodeAccess.dll (API version 3944462).
LogModuleManager: Display: Found up-to-date module file ../../../Engine/Plugins/Editor/AssetManagerEditor/Binaries/Win64/UE4Editor-AssetManagerEditor.dll (API version 3944462).
LogModuleManager: Display: Found up-to-date module file ../../../Engine/Plugins/Editor/CryptoKeys/Binaries/Win64/UE4Editor-CryptoKeys.dll (API version 3944462).
LogModuleManager: Display: Found up-to-date module file ../../../Engine/Plugins/Editor/CryptoKeys/Binaries/Win64/UE4Editor-CryptoKeysOpenSSL.dll (API version 3944462).
LogModuleManager: Display: Found up-to-date module file ../../../Engine/Plugins/Editor/DataValidation/Binaries/Win64/UE4Editor-DataValidation.dll (API version 3944462).
LogModuleManager: Display: Found up-to-date module file ../../../Engine/Plugins/Editor/FacialAnimation/Binaries/Win64/UE4Editor-FacialAnimation.dll (API version 3944462).
LogModuleManager: Display: Found up-to-date module file ../../../Engine/Plugins/Editor/FacialAnimation/Binaries/Win64/UE4Editor-FacialAnimationEditor.dll (API version 3944462).
LogModuleManager: Display: Found up-to-date module file ../../../Engine/Plugins/Editor/GameplayTagsEditor/Binaries/Win64/UE4Editor-GameplayTagsEditor.dll (API version 3944462).
LogModuleManager: Display: Found up-to-date module file ../../../Engine/Plugins/Editor/MobileLauncherProfileWizard/Binaries/Win64/UE4Editor-MobileLauncherProfileWizard.dll (API version 3944462).
LogModuleManager: Display: Found up-to-date module file ../../../Engine/Plugins/Editor/PluginBrowser/Binaries/Win64/UE4Editor-PluginBrowser.dll (API version 3944462).
LogModuleManager: Display: Found up-to-date module file ../../../Engine/Plugins/Editor/SpeedTreeImporter/Binaries/Win64/UE4Editor-SpeedTreeImporter.dll (API version 3944462).
LogModuleManager: Display: Found up-to-date module file ../../../Engine/Plugins/Enterprise/DatasmithContent/Binaries/Win64/UE4Editor-DatasmithContent.dll (API version 3944462).
LogModuleManager: Display: Found up-to-date module file ../../../Engine/Plugins/Experimental/AlembicImporter/Binaries/Win64/UE4Editor-AlembicImporter.dll (API version 3944462).
LogModuleManager: Display: Found up-to-date module file ../../../Engine/Plugins/Experimental/AlembicImporter/Binaries/Win64/UE4Editor-AlembicLibrary.dll (API version 3944462).
LogModuleManager: Display: Found up-to-date module file ../../../Engine/Plugins/Experimental/CharacterAI/Binaries/Win64/UE4Editor-CharacterAI.dll (API version 3944462).
LogModuleManager: Display: Found up-to-date module file ../../../Engine/Plugins/Experimental/HTML5Networking/Binaries/Win64/UE4Editor-HTML5Networking.dll (API version 3944462).
LogModuleManager: Display: Found up-to-date module file ../../../Engine/Plugins/Media/AndroidMedia/Binaries/Win64/UE4Editor-AndroidMediaEditor.dll (API version 3944462).
LogModuleManager: Display: Found up-to-date module file ../../../Engine/Plugins/Media/AndroidMedia/Binaries/Win64/UE4Editor-AndroidMediaFactory.dll (API version 3944462).
LogModuleManager: Display: Found up-to-date module file ../../../Engine/Plugins/Media/AvfMedia/Binaries/Win64/UE4Editor-AvfMediaEditor.dll (API version 3944462).
LogModuleManager: Display: Found up-to-date module file ../../../Engine/Plugins/Media/AvfMedia/Binaries/Win64/UE4Editor-AvfMediaFactory.dll (API version 3944462).
LogModuleManager: Display: Found up-to-date module file ../../../Engine/Plugins/Media/AvfMedia/Binaries/Win64/UE4Editor-AvfMediaFactory.dll (API version 3944462).
LogModuleManager: Display: Found up-to-date module file ../../../Engine/Plugins/Media/ImgMedia/Binaries/Win64/UE4Editor-ImgMedia.dll (API version 3944462).
LogModuleManager: Display: Found up-to-date module file ../../../Engine/Plugins/Media/ImgMedia/Binaries/Win64/UE4Editor-ImgMediaEditor.dll (API version 3944462).
LogModuleManager: Display: Found up-to-date module file ../../../Engine/Plugins/Media/ImgMedia/Binaries/Win64/UE4Editor-ImgMediaFactory.dll (API version 3944462).
LogModuleManager: Display: Found up-to-date module file ../../../Engine/Plugins/Media/ImgMedia/Binaries/Win64/UE4Editor-ImgMediaFactory.dll (API version 3944462).
LogModuleManager: Display: Found up-to-date module file ../../../Engine/Plugins/Media/ImgMedia/Binaries/Win64/UE4Editor-OpenExrWrapper.dll (API version 3944462).
LogModuleManager: Display: Found up-to-date module file ../../../Engine/Plugins/Media/LinearTimecode/Binaries/Win64/UE4Editor-LinearTimecode.dll (API version 3944462).
LogModuleManager: Display: Found up-to-date module file ../../../Engine/Plugins/Media/MediaCompositing/Binaries/Win64/UE4Editor-MediaCompositing.dll (API version 3944462).
LogModuleManager: Display: Found up-to-date module file ../../../Engine/Plugins/Media/MediaCompositing/Binaries/Win64/UE4Editor-MediaCompositingEditor.dll (API version 3944462).
LogModuleManager: Display: Found up-to-date module file ../../../Engine/Plugins/Media/MediaPlayerEditor/Binaries/Win64/UE4Editor-MediaPlayerEditor.dll (API version 3944462).
LogModuleManager: Display: Found up-to-date module file ../../../Engine/Plugins/Media/WmfMedia/Binaries/Win64/UE4Editor-WmfMedia.dll (API version 3944462).
LogModuleManager: Display: Found up-to-date module file ../../../Engine/Plugins/Media/WmfMedia/Binaries/Win64/UE4Editor-WmfMediaEditor.dll (API version 3944462).
LogModuleManager: Display: Found up-to-date module file ../../../Engine/Plugins/Media/WmfMedia/Binaries/Win64/UE4Editor-WmfMediaFactory.dll (API version 3944462).
LogModuleManager: Display: Found up-to-date module file ../../../Engine/Plugins/Media/WmfMedia/Binaries/Win64/UE4Editor-WmfMediaFactory.dll (API version 3944462).
LogModuleManager: Display: Found up-to-date module file ../../../Engine/Plugins/Messaging/TcpMessaging/Binaries/Win64/UE4Editor-TcpMessaging.dll (API version 3944462).
LogModuleManager: Display: Found up-to-date module file ../../../Engine/Plugins/Messaging/UdpMessaging/Binaries/Win64/UE4Editor-UdpMessaging.dll (API version 3944462).
LogModuleManager: Display: Found up-to-date module file ../../../Engine/Plugins/MovieScene/ActorSequence/Binaries/Win64/UE4Editor-ActorSequence.dll (API version 3944462).
LogModuleManager: Display: Found up-to-date module file ../../../Engine/Plugins/MovieScene/LevelSequenceEditor/Binaries/Win64/UE4Editor-LevelSequenceEditor.dll (API version 3944462).
LogModuleManager: Display: Found up-to-date module file ../../../Engine/Plugins/MovieScene/MatineeToLevelSequence/Binaries/Win64/UE4Editor-MatineeToLevelSequence.dll (API version 3944462).
LogModuleManager: Display: Found up-to-date module file ../../../Engine/Plugins/NetcodeUnitTest/NetcodeUnitTest/Binaries/Win64/UE4Editor-NetcodeUnitTest.dll (API version 3944462).
LogModuleManager: Display: Found up-to-date module file ../../../Engine/Plugins/NetcodeUnitTest/NUTUnrealEngine4/Binaries/Win64/UE4Editor-NUTUnrealEngine4.dll (API version 3944462).
LogModuleManager: Display: Found up-to-date module file ../../../Engine/Plugins/Online/OnlineSubsystem/Binaries/Win64/UE4Editor-OnlineSubsystem.dll (API version 3944462).
LogModuleManager: Display: Found up-to-date module file ../../../Engine/Plugins/Runtime/AndroidPermission/Binaries/Win64/UE4Editor-AndroidPermission.dll (API version 3944462).
LogModuleManager: Display: Found up-to-date module file ../../../Engine/Plugins/Online/OnlineSubsystemNull/Binaries/Win64/UE4Editor-OnlineSubsystemNull.dll (API version 3944462).
LogModuleManager: Display: Found up-to-date module file ../../../Engine/Plugins/Online/OnlineSubsystemUtils/Binaries/Win64/UE4Editor-OnlineSubsystemUtils.dll (API version 3944462).
LogModuleManager: Display: Found up-to-date module file ../../../Engine/Plugins/Online/OnlineSubsystemUtils/Binaries/Win64/UE4Editor-OnlineBlueprintSupport.dll (API version 3944462).
LogModuleManager: Display: Found up-to-date module file ../../../Engine/Plugins/Runtime/AndroidDeviceProfileSelector/Binaries/Win64/UE4Editor-AndroidDeviceProfileSelector.dll (API version 3944462).
LogModuleManager: Display: Found up-to-date module file ../../../Engine/Plugins/Runtime/AppleARKit/Binaries/Win64/UE4Editor-AppleARKit.dll (API version 3944462).
LogModuleManager: Display: Found up-to-date module file ../../../Engine/Plugins/Runtime/ProceduralMeshComponent/Binaries/Win64/UE4Editor-ProceduralMeshComponent.dll (API version 3944462).
LogModuleManager: Display: Found up-to-date module file ../../../Engine/Plugins/Runtime/ProceduralMeshComponent/Binaries/Win64/UE4Editor-ProceduralMeshComponentEditor.dll (API version 3944462).
LogModuleManager: Display: Found up-to-date module file ../../../Engine/Plugins/Animation/LiveLink/Binaries/Win64/UE4Editor-LiveLink.dll (API version 3944462).
LogModuleManager: Display: Found up-to-date module file ../../../Engine/Plugins/Animation/LiveLink/Binaries/Win64/UE4Editor-LiveLinkEditor.dll (API version 3944462).
LogModuleManager: Display: Found up-to-date module file ../../../Engine/Plugins/Runtime/ArchVisCharacter/Binaries/Win64/UE4Editor-ArchVisCharacter.dll (API version 3944462).
LogModuleManager: Display: Found up-to-date module file ../../../Engine/Plugins/Runtime/AudioCapture/Binaries/Win64/UE4Editor-AudioCapture.dll (API version 3944462).
LogModuleManager: Display: Found up-to-date module file ../../../Engine/Plugins/Runtime/AudioCapture/Binaries/Win64/UE4Editor-AudioCaptureEditor.dll (API version 3944462).
LogModuleManager: Display: Found up-to-date module file ../../../Engine/Plugins/Runtime/CableComponent/Binaries/Win64/UE4Editor-CableComponent.dll (API version 3944462).
LogModuleManager: Display: Found up-to-date module file ../../../Engine/Plugins/Runtime/CustomMeshComponent/Binaries/Win64/UE4Editor-CustomMeshComponent.dll (API version 3944462).
LogModuleManager: Display: Found up-to-date module file ../../../Engine/Plugins/Runtime/ExampleDeviceProfileSelector/Binaries/Win64/UE4Editor-ExampleDeviceProfileSelector.dll (API version 3944462).
LogModuleManager: Display: Found up-to-date module file ../../../Engine/Plugins/Runtime/ImmediatePhysics/Binaries/Win64/UE4Editor-ImmediatePhysics.dll (API version 3944462).
LogModuleManager: Display: Found up-to-date module file ../../../Engine/Plugins/Runtime/ImmediatePhysics/Binaries/Win64/UE4Editor-ImmediatePhysicsEditor.dll (API version 3944462).
LogModuleManager: Display: Found up-to-date module file ../../../Engine/Plugins/Runtime/LocationServicesBPLibrary/Binaries/Win64/UE4Editor-LocationServicesBPLibrary.dll (API version 3944462).
LogModuleManager: Display: Found up-to-date module file ../../../Engine/Plugins/Runtime/MobilePatchingUtils/Binaries/Win64/UE4Editor-MobilePatchingUtils.dll (API version 3944462).
LogModuleManager: Display: Found up-to-date module file ../../../Engine/Plugins/Runtime/Oculus/OculusVR/Binaries/Win64/UE4Editor-OculusHMD.dll (API version 3944462).
LogModuleManager: Display: Found up-to-date module file ../../../Engine/Plugins/Runtime/Oculus/OculusVR/Binaries/Win64/UE4Editor-OculusInput.dll (API version 3944462).
LogModuleManager: Display: Found up-to-date module file ../../../Engine/Plugins/Runtime/Oculus/OculusVR/Binaries/Win64/UE4Editor-OculusEditor.dll (API version 3944462).
LogModuleManager: Display: Found up-to-date module file ../../../Engine/Plugins/Runtime/PhysXVehicles/Binaries/Win64/UE4Editor-PhysXVehicles.dll (API version 3944462).
LogModuleManager: Display: Found up-to-date module file ../../../Engine/Plugins/Runtime/PhysXVehicles/Binaries/Win64/UE4Editor-PhysXVehiclesEditor.dll (API version 3944462).
LogModuleManager: Display: Found up-to-date module file ../../../Engine/Plugins/Runtime/RuntimePhysXCooking/Binaries/Win64/UE4Editor-RuntimePhysXCooking.dll (API version 3944462).
LogModuleManager: Display: Found up-to-date module file ../../../Engine/Plugins/Runtime/Steam/SteamVR/Binaries/Win64/UE4Editor-SteamVR.dll (API version 3944462).
LogModuleManager: Display: Found up-to-date module file ../../../Engine/Plugins/Runtime/Steam/SteamVR/Binaries/Win64/UE4Editor-SteamVRController.dll (API version 3944462).
LogModuleManager: Display: Found up-to-date module file ../../../Engine/Plugins/Runtime/WindowsMoviePlayer/Binaries/Win64/UE4Editor-WindowsMoviePlayer.dll (API version 3944462).
LogPluginManager: Mounting plugin Paper2D
LogPluginManager: Mounting plugin LiveLink
LogPluginManager: Mounting plugin LightPropagationVolume
LogPluginManager: Mounting plugin CLionSourceCodeAccess
LogPluginManager: Mounting plugin CodeLiteSourceCodeAccess
LogPluginManager: Mounting plugin GitSourceControl
LogPluginManager: Mounting plugin KDevelopSourceCodeAccess
LogPluginManager: Mounting plugin NullSourceCodeAccess
LogPluginManager: Mounting plugin PerforceSourceControl
LogPluginManager: Mounting plugin SubversionSourceControl
LogPluginManager: Mounting plugin UObjectPlugin
LogPluginManager: Mounting plugin VisualStudioCodeSourceCodeAccess
LogPluginManager: Mounting plugin VisualStudioSourceCodeAccess
LogPluginManager: Mounting plugin XCodeSourceCodeAccess
LogPluginManager: Mounting plugin AssetManagerEditor
LogPluginManager: Mounting plugin CryptoKeys
LogPluginManager: Mounting plugin DataValidation
LogPluginManager: Mounting plugin FacialAnimation
LogPluginManager: Mounting plugin GameplayTagsEditor
LogPluginManager: Mounting plugin MobileLauncherProfileWizard
LogPluginManager: Mounting plugin PluginBrowser
LogPluginManager: Mounting plugin SpeedTreeImporter
LogPluginManager: Mounting plugin DatasmithContent
LogPluginManager: Mounting plugin AlembicImporter
LogPluginManager: Mounting plugin CharacterAI
LogPluginManager: Mounting plugin HTML5Networking
LogPluginManager: Mounting plugin AndroidMedia
LogPluginManager: Mounting plugin AvfMedia
LogPluginManager: Mounting plugin ImgMedia
LogPluginManager: Mounting plugin LinearTimecode
LogPluginManager: Mounting plugin MediaCompositing
LogPluginManager: Mounting plugin MediaPlayerEditor
LogPluginManager: Mounting plugin WmfMedia
LogPluginManager: Mounting plugin TcpMessaging
LogPluginManager: Mounting plugin UdpMessaging
LogPluginManager: Mounting plugin ActorSequence
LogPluginManager: Mounting plugin LevelSequenceEditor
LogPluginManager: Mounting plugin MatineeToLevelSequence
LogPluginManager: Mounting plugin NetcodeUnitTest
LogPluginManager: Mounting plugin NUTUnrealEngine4
LogPluginManager: Mounting plugin OnlineSubsystemGooglePlay
LogPluginManager: Mounting plugin OnlineSubsystemIOS
LogPluginManager: Mounting plugin OnlineSubsystem
LogPluginManager: Mounting plugin OnlineSubsystemNull
LogPluginManager: Mounting plugin OnlineSubsystemUtils
LogPluginManager: Mounting plugin AndroidDeviceProfileSelector
LogPluginManager: Mounting plugin AndroidMoviePlayer
LogPluginManager: Mounting plugin AndroidPermission
LogPluginManager: Mounting plugin AppleARKit
LogPluginManager: Mounting plugin AppleMoviePlayer
LogPluginManager: Mounting plugin ArchVisCharacter
LogPluginManager: Mounting plugin AudioCapture
LogPluginManager: Mounting plugin CableComponent
LogPluginManager: Mounting plugin CustomMeshComponent
LogPluginManager: Mounting plugin ExampleDeviceProfileSelector
LogPluginManager: Mounting plugin GoogleCloudMessaging
LogPluginManager: Mounting plugin ImmediatePhysics
LogPluginManager: Mounting plugin IOSDeviceProfileSelector
LogPluginManager: Mounting plugin LinuxDeviceProfileSelector
LogPluginManager: Mounting plugin LocationServicesBPLibrary
LogPluginManager: Mounting plugin MobilePatchingUtils
LogPluginManager: Mounting plugin OculusVR
LogPluginManager: Plugin shader directory ../../../Engine/Plugins/Runtime/Oculus/OculusVR/Shaders found
LogPluginManager: Mapping shader source directory ../../../Engine/Plugins/Runtime/Oculus/OculusVR/Shaders to virtual directory /Plugin/OculusVR
LogPluginManager: Mounting plugin PhysXVehicles
LogPluginManager: Mounting plugin ProceduralMeshComponent
LogPluginManager: Mounting plugin RuntimePhysXCooking
LogPluginManager: Mounting plugin SteamVR
LogPluginManager: Mounting plugin WindowsMoviePlayer
LogStreaming: Display: Took  1.445s to configure plugins.
LogInit: Using libcurl 7.47.1
LogInit:  - built for x86_64-pc-win32
LogInit:  - supports SSL with OpenSSL/1.0.2g
LogInit:  - supports HTTP deflate (compression) using libz 1.2.8
LogInit:  - other features:
LogInit:      CURL_VERSION_SSL
LogInit:      CURL_VERSION_LIBZ
LogInit:      CURL_VERSION_IPV6
LogInit:      CURL_VERSION_ASYNCHDNS
LogInit:      CURL_VERSION_LARGEFILE
LogInit:      CURL_VERSION_IDN
LogInit:  CurlRequestOptions (configurable via config and command line):
LogInit:  - bVerifyPeer = false  - Libcurl will NOT verify peer certificate
LogInit:  - bUseHttpProxy = false  - Libcurl will NOT use HTTP proxy
LogInit:  - bDontReuseConnections = false  - Libcurl will reuse connections
LogInit:  - CertBundlePath = nullptr  - Libcurl will use whatever was configured at build time.
LogInit:  - MaxHostConnections = 16  - Libcurl will limit the number of connections to a host
LogInit:  - LocalHostAddr = Default
LogInit: WinSock: version 1.1 (2.2), MaxSocks=32767, MaxUdp=65467
LogInit: WinSock: I am DESKTOP-TOGHCT9 (10.0.0.121:0)
LogInit: Build: ++UE4+Release-4.19-CL-4033788
LogInit: Engine Version: 4.19.2-4033788+++UE4+Release-4.19
LogInit: Compatible Engine Version: 4.19.0-3944462+++UE4+Release-4.19
LogInit: Net CL: 3944462
LogDevObjectVersion: Number of dev versions registered: 18
LogDevObjectVersion:   Dev-Blueprints (B0D832E4-1F89-4F0D-ACCF-7EB736FD4AA2): 10
LogDevObjectVersion:   Dev-Build (E1C64328-A22C-4D53-A36C-8E866417BD8C): 0
LogDevObjectVersion:   Dev-Core (375EC13C-06E4-48FB-B500-84F0262A717E): 2
LogDevObjectVersion:   Dev-Editor (E4B068ED-F494-42E9-A231-DA0B2E46BB41): 23
LogDevObjectVersion:   Dev-Framework (CFFC743F-43B0-4480-9391-14DF171D2073): 33
LogDevObjectVersion:   Dev-Mobile (B02B49B5-BB20-44E9-A304-32B752E40360): 2
LogDevObjectVersion:   Dev-Networking (A4E4105C-59A1-49B5-A7C5-40C4547EDFEE): 0
LogDevObjectVersion:   Dev-Online (39C831C9-5AE6-47DC-9A44-9C173E1C8E7C): 0
LogDevObjectVersion:   Dev-Physics (78F01B33-EBEA-4F98-B9B4-84EACCB95AA2): 0
LogDevObjectVersion:   Dev-Platform (6631380F-2D4D-43E0-8009-CF276956A95A): 0
LogDevObjectVersion:   Dev-Rendering (12F88B9F-8875-4AFC-A67C-D90C383ABD29): 25
LogDevObjectVersion:   Dev-Sequencer (7B5AE74C-D270-4C10-A958-57980B212A5A): 6
LogDevObjectVersion:   Dev-VR (D7296918-1DD6-4BDD-9DE2-64A83CC13884): 1
LogDevObjectVersion:   Dev-LoadTimes (C2A15278-BFE7-4AFE-6C17-90FF531DF755): 1
LogDevObjectVersion:   Private-Geometry (6EACA3D4-40EC-4CC1-B786-8BED09428FC5): 2
LogDevObjectVersion:   Dev-AnimPhys (29E575DD-E0A3-4627-9D10-D276232CDCEA): 16
LogDevObjectVersion:   Dev-ReflectionCapture (6B266CEC-1EC7-4B8F-A30B-E4D90942FC07): 1
LogDevObjectVersion:   Dev-Automation (0DF73D61-A23F-47EA-B727-89E90C41499A): 1
LogInit: Compiled (64-bit): Apr 27 2018 02:06:57
LogInit: Compiled with Visual C++: 19.00.24215.01
LogInit: Build Configuration: Development
LogInit: Branch Name: ++UE4+Release-4.19
LogInit: Command Line: 
LogInit: Base Directory: C:/Program Files/Epic Games/UE_4.19/Engine/Binaries/Win64/
LogInit: Installed Engine Build: 1
LogStreaming: Display: Took  0.000s to delete old logs.
LogInit: Presizing for max 8388607 objects, including 0 objects not considered by GC, pre-allocating 0 bytes for permanent pool.
LogInit: Object subsystem initialized
[2018.12.02-00.54.56:171][  0]LogInit: Selected Device Profile: [Windows]
[2018.12.02-00.54.56:171][  0]LogInit: Applying CVar settings loaded from the selected device profile: [Windows]
[2018.12.02-00.54.56:190][  0]LogInit: Computer: DESKTOP-TOGHCT9
[2018.12.02-00.54.56:190][  0]LogInit: User: carlo
[2018.12.02-00.54.56:190][  0]LogInit: CPU Page size=4096, Cores=6
[2018.12.02-00.54.56:190][  0]LogInit: High frequency timer resolution =2.156249 MHz
[2018.12.02-00.54.56:190][  0]LogMemory: Memory total: Physical=15.9GB (16GB approx)
[2018.12.02-00.54.56:190][  0]LogMemory: Platform Memory Stats for Windows
[2018.12.02-00.54.56:190][  0]LogMemory: Process Physical Memory: 274.96 MB used, 274.96 MB peak
[2018.12.02-00.54.56:190][  0]LogMemory: Process Virtual Memory: 271.50 MB used, 271.50 MB peak
[2018.12.02-00.54.56:190][  0]LogMemory: Physical Memory: 10236.64 MB used,  6006.14 MB free, 16242.77 MB total
[2018.12.02-00.54.56:190][  0]LogMemory: Virtual Memory: 4816.02 MB used,  6006.14 MB free, 134217728.00 MB total
[2018.12.02-00.54.56:282][  0]LogInit: Using OS detected language (en-US).
[2018.12.02-00.54.56:282][  0]LogInit: Using OS detected locale (en-US).
[2018.12.02-00.54.56:287][  0]LogTextLocalizationManager: No specific localization for 'en-US' exists, so the 'en' localization will be used.
[2018.12.02-00.54.56:677][  0]LogStreaming: Display: Took  0.396s to EndInitTextLocalization.
[2018.12.02-00.54.56:678][  0]LogInit: Setting process to per monitor DPI aware
[2018.12.02-00.54.56:735][  0]LogSlate: New Slate User Created.  User Index 0, Is Virtual User: 0
[2018.12.02-00.54.56:735][  0]LogSlate: Slate User Registered.  User Index 0, Is Virtual User: 0
[2018.12.02-00.54.56:934][  0]LogD3D11RHI: D3D11 adapters:
[2018.12.02-00.54.56:990][  0]LogD3D11RHI:    0. 'NVIDIA GeForce GTX 1070' (Feature Level 11_0)
[2018.12.02-00.54.56:990][  0]LogD3D11RHI:       8089/0/8121 MB DedicatedVideo/DedicatedSystem/SharedSystem, Outputs:3, VendorId:0x10de
[2018.12.02-00.54.57:002][  0]LogD3D11RHI:    1. 'Intel(R) UHD Graphics 630' (Feature Level 11_0)
[2018.12.02-00.54.57:002][  0]LogD3D11RHI:       128/0/8121 MB DedicatedVideo/DedicatedSystem/SharedSystem, Outputs:0, VendorId:0x8086
[2018.12.02-00.54.57:004][  0]LogD3D11RHI:    2. 'Microsoft Basic Render Driver' (Feature Level 11_0)
[2018.12.02-00.54.57:004][  0]LogD3D11RHI:       0/0/8121 MB DedicatedVideo/DedicatedSystem/SharedSystem, Outputs:0, VendorId:0x1414
[2018.12.02-00.54.57:005][  0]LogD3D11RHI:    3. 'Microsoft Basic Render Driver' (Feature Level 11_0)
[2018.12.02-00.54.57:005][  0]LogD3D11RHI:       0/0/8121 MB DedicatedVideo/DedicatedSystem/SharedSystem, Outputs:0, VendorId:0x1414
[2018.12.02-00.54.57:005][  0]LogD3D11RHI: Chosen D3D11 Adapter: 0
[2018.12.02-00.54.57:017][  0]LogD3D11RHI: Creating new Direct3DDevice
[2018.12.02-00.54.57:017][  0]LogD3D11RHI:     GPU DeviceId: 0x1ba1 (for the marketing name, search the web for "GPU Device Id")
[2018.12.02-00.54.57:017][  0]LogWindows: EnumDisplayDevices:
[2018.12.02-00.54.57:017][  0]LogWindows:    0. 'NVIDIA GeForce GTX 1070' (P:1 D:1)
[2018.12.02-00.54.57:017][  0]LogWindows:    1. 'NVIDIA GeForce GTX 1070' (P:0 D:1)
[2018.12.02-00.54.57:018][  0]LogWindows:    2. 'NVIDIA GeForce GTX 1070' (P:0 D:0)
[2018.12.02-00.54.57:018][  0]LogWindows:    3. 'NVIDIA GeForce GTX 1070' (P:0 D:0)
[2018.12.02-00.54.57:018][  0]LogWindows:    4. 'Intel(R) UHD Graphics 630' (P:0 D:0)
[2018.12.02-00.54.57:018][  0]LogWindows:    5. 'Intel(R) UHD Graphics 630' (P:0 D:0)
[2018.12.02-00.54.57:018][  0]LogWindows:    6. 'Intel(R) UHD Graphics 630' (P:0 D:0)
[2018.12.02-00.54.57:018][  0]LogWindows:    7. 'DisplayLink USB Device' (P:0 D:1)
[2018.12.02-00.54.57:019][  0]LogWindows: DebugString: GetVideoDriverDetailsInvalid PrimaryIsNotTheChoosenAdapter GetVideoDriverDetailsInvalid PrimaryIsNotTheChoosenAdapter GetVideoDriverDetailsInvalid PrimaryIsNotTheChoosenAdapter GetVideoDriverDetailsInvalid PrimaryIsNotTheChoosenAdapter GetVideoDriverDetailsInvalid PrimaryIsNotTheChoosenAdapter GetVideoDriverDetailsInvalid PrimaryIsNotTheChoosenAdapter GetVideoDriverDetailsInvalid PrimaryIsNotTheChoosenAdapter GetVideoDriverDetailsInvalid PrimaryIsNotTheChoosenAdapter FoundDriverCount:0 
[2018.12.02-00.54.57:019][  0]LogD3D11RHI:     Adapter Name: NVIDIA GeForce GTX 1070
[2018.12.02-00.54.57:019][  0]LogD3D11RHI:   Driver Version: Unknown (internal:Unknown, unified:Unknown)
[2018.12.02-00.54.57:019][  0]LogD3D11RHI:      Driver Date: Unknown
[2018.12.02-00.54.57:019][  0]LogRHI: Texture pool is 5662 MB (70% of 8089 MB)
[2018.12.02-00.54.57:052][  0]LogD3D11RHI: [Aftermath] Aftermath enabled and primed
[2018.12.02-00.54.57:052][  0]LogD3D11RHI: [Aftermath] Aftermath enabled and primed
[2018.12.02-00.54.57:052][  0]LogD3D11RHI: Async texture creation enabled
[2018.12.02-00.54.57:064][  0]LogD3D11RHI: GPU Timing Frequency: 1000.000000 (Debug: 2 1)
[2018.12.02-00.54.57:156][  0]LogShaderCompilers: Guid format shader working directory is -22 characters bigger than the processId version (../../../../../../Users/carlo/Documents/GitHub/ImmReal/FinalProject/Intermediate/Shaders/WorkingDirectory/28476/).
[2018.12.02-00.54.57:156][  0]LogShaderCompilers: Cleaned the shader compiler working directory 'C:/Users/carlo/AppData/Local/Temp/UnrealShaderWorkingDir/F753B372436D65BD4BF52EA83D427FB5/'.
[2018.12.02-00.54.57:371][  0]LogTemp: Display: Loaded TP AllDesktopTargetPlatform
[2018.12.02-00.54.57:383][  0]LogTemp: Display: Loaded TP MacClientTargetPlatform
[2018.12.02-00.54.57:396][  0]LogTemp: Display: Loaded TP MacNoEditorTargetPlatform
[2018.12.02-00.54.57:408][  0]LogTemp: Display: Loaded TP MacServerTargetPlatform
[2018.12.02-00.54.57:421][  0]LogTemp: Display: Loaded TP MacTargetPlatform
[2018.12.02-00.54.57:433][  0]LogTemp: Display: Loaded TP WindowsClientTargetPlatform
[2018.12.02-00.54.57:445][  0]LogTemp: Display: Loaded TP WindowsNoEditorTargetPlatform
[2018.12.02-00.54.57:458][  0]LogTemp: Display: Loaded TP WindowsServerTargetPlatform
[2018.12.02-00.54.57:464][  0]LogTemp: Display: Loaded TP WindowsTargetPlatform
[2018.12.02-00.54.57:475][  0]LogTemp: Display: Loaded TP Android_ASTCTargetPlatform
[2018.12.02-00.54.57:490][  0]LogTemp: Display: Loaded TP Android_ATCTargetPlatform
[2018.12.02-00.54.57:500][  0]LogTemp: Display: Loaded TP Android_DXTTargetPlatform
[2018.12.02-00.54.57:511][  0]LogTemp: Display: Loaded TP Android_ETC1aTargetPlatform
[2018.12.02-00.54.57:521][  0]LogTemp: Display: Loaded TP Android_ETC1TargetPlatform
[2018.12.02-00.54.57:531][  0]LogTemp: Display: Loaded TP Android_ETC2TargetPlatform
[2018.12.02-00.54.57:553][  0]LogTemp: Display: Loaded TP Android_MultiTargetPlatform
[2018.12.02-00.54.57:553][  0]LogTemp: Display: Loaded TP Android_PVRTCTargetPlatform
[2018.12.02-00.54.57:563][  0]LogTemp: Display: Loaded TP AndroidTargetPlatform
[2018.12.02-00.54.57:565][  0]LogTemp: Display: Loaded TP HTML5TargetPlatform
[2018.12.02-00.54.57:600][  0]LogTemp: Display: Loaded TP IOSTargetPlatform
[2018.12.02-00.54.57:609][  0]LogTemp: Display: Loaded TP TVOSTargetPlatform
[2018.12.02-00.54.57:620][  0]LogTemp: Display: Loaded TP LinuxClientTargetPlatform
[2018.12.02-00.54.57:631][  0]LogTemp: Display: Loaded TP LinuxNoEditorTargetPlatform
[2018.12.02-00.54.57:642][  0]LogTemp: Display: Loaded TP LinuxServerTargetPlatform
[2018.12.02-00.54.57:653][  0]LogTemp: Display: Loaded TP LinuxTargetPlatform
[2018.12.02-00.54.57:653][  0]LogTargetPlatformManager: Display: Building Assets For Windows
[2018.12.02-00.54.57:775][  0]LogXGEController: Cannot use XGE Controller as Incredibuild is not installed on this machine.
[2018.12.02-00.54.57:775][  0]LogShaderCompilers: Cannot use XGE Shader Compiler as Incredibuild is not installed on this machine.
[2018.12.02-00.54.57:775][  0]LogShaderCompilers: Display: Using Local Shader Compiler.
[2018.12.02-00.54.58:461][  0]LogDerivedDataCache: Display: Max Cache Size: 512 MB
[2018.12.02-00.54.58:529][  0]LogDerivedDataCache: Loaded boot cache 0.07s 74MB C:/Users/carlo/AppData/Local/UnrealEngine/4.19/DerivedDataCache/Boot.ddc.
[2018.12.02-00.54.58:529][  0]LogDerivedDataCache: Display: Loaded Boot cache: C:/Users/carlo/AppData/Local/UnrealEngine/4.19/DerivedDataCache/Boot.ddc
[2018.12.02-00.54.58:529][  0]LogDerivedDataCache: FDerivedDataBackendGraph:  Pak pak cache file ../../../../../../Users/carlo/Documents/GitHub/ImmReal/FinalProject/DerivedDataCache/DDC.ddp not found, will not use a pak cache.
[2018.12.02-00.54.58:529][  0]LogDerivedDataCache: Unable to find inner node Pak for hierarchical cache Hierarchy.
[2018.12.02-00.54.58:529][  0]LogDerivedDataCache: FDerivedDataBackendGraph:  CompressedPak pak cache file ../../../../../../Users/carlo/Documents/GitHub/ImmReal/FinalProject/DerivedDataCache/Compressed.ddp not found, will not use a pak cache.
[2018.12.02-00.54.58:529][  0]LogDerivedDataCache: Unable to find inner node CompressedPak for hierarchical cache Hierarchy.
[2018.12.02-00.54.58:542][  0]LogDerivedDataCache: Display: Pak cache opened for reading ../../../Engine/DerivedDataCache/Compressed.ddp.
[2018.12.02-00.54.58:555][  0]LogDerivedDataCache: Using Local data cache path C:/Users/carlo/AppData/Local/UnrealEngine/Common/DerivedDataCache: Writable
[2018.12.02-00.54.58:555][  0]LogDerivedDataCache: Shared data cache path not found in *engine.ini, will not use an Shared cache.
[2018.12.02-00.54.58:555][  0]LogDerivedDataCache: Unable to find inner node Shared for hierarchical cache Hierarchy.
[2018.12.02-00.54.58:565][  0]LogMaterial: Verifying Global Shaders for PCD3D_SM5
[2018.12.02-00.54.58:565][  0]LogSlate: Using Freetype 2.6.0
[2018.12.02-00.54.58:566][  0]LogSlate: SlateFontCache - WITH_FREETYPE: 1, WITH_HARFBUZZ: 1
[2018.12.02-00.54.58:566][  0]LogSlate: SlateFontCache - WITH_FREETYPE: 1, WITH_HARFBUZZ: 1
[2018.12.02-00.54.58:696][  0]LogAssetRegistry: FAssetRegistry took 0.0253 seconds to start up
[2018.12.02-00.54.58:988][  0]LogInit: Selected Device Profile: [Windows]
[2018.12.02-00.54.59:134][  0]LogSimplygon: Simplygon DLL not present - disabling.
[2018.12.02-00.54.59:137][  0]LogMeshReduction: Using SimplygonSwarm for distributed automatic mesh merging
[2018.12.02-00.54.59:137][  0]LogMeshReduction: Using QuadricMeshReduction for automatic static mesh reduction
[2018.12.02-00.54.59:137][  0]LogMeshReduction: No automatic skeletal mesh reduction module available
[2018.12.02-00.54.59:137][  0]LogMeshReduction: No automatic mesh merging module available
[2018.12.02-00.54.59:137][  0]LogMeshMerging: No automatic mesh merging module available
[2018.12.02-00.54.59:178][  0]LogNetVersion: FinalProject , NetCL: 3944462, EngineNetVer: 2, GameNetVer: 0 (Checksum: 2380515761)
[2018.12.02-00.54.59:729][  0]LogPackageLocalizationCache: Processed 9 localized package path(s) for 2 prioritized culture(s) in 0.121206 seconds
[2018.12.02-00.54.59:735][  0]LogUObjectArray: 36731 objects as part of root set at end of initial load.
[2018.12.02-00.54.59:735][  0]LogUObjectAllocator: 7314984 out of 0 bytes used by permanent object pool.
[2018.12.02-00.54.59:735][  0]LogUObjectArray: CloseDisregardForGC: 0/0 objects in disregard for GC pool
[2018.12.02-00.55.01:522][  0]LogTcpMessaging: Initializing TcpMessaging bridge
[2018.12.02-00.55.01:568][  0]LogUdpMessaging: Initializing bridge on interface 0.0.0.0:0 to multicast group 230.0.0.1:6666.
[2018.12.02-00.55.01:939][  0]SourceControl: Source control is disabled
[2018.12.02-00.55.01:939][  0]SourceControl: Source control is disabled
[2018.12.02-00.55.01:959][  0]SourceControl: Source control is disabled
[2018.12.02-00.55.01:977][  0]SourceControl: Source control is disabled
[2018.12.02-00.55.02:524][  0]LogAndroidPermission: UAndroidPermissionCallbackProxy::GetInstance
[2018.12.02-00.55.03:842][  0]LogOcInput: OculusInput pre-init called
[2018.12.02-00.55.03:953][  0]LogEngine: Initializing Engine...
[2018.12.02-00.55.03:981][  0]LogHMD: Failed to initialize OpenVR with code 126
[2018.12.02-00.55.03:982][  0]LogStats: UGameplayTagsManager::ConstructGameplayTagTree: Construct from data asset -  0.000 s
[2018.12.02-00.55.03:982][  0]LogStats: UGameplayTagsManager::ConstructGameplayTagTree: GameplayTagTreeChangedEvent.Broadcast -  0.000 s
[2018.12.02-00.55.04:206][  0]LogAIModule: Creating AISystem for world Untitled
[2018.12.02-00.55.04:287][  0]LogInit: XAudio2 using 'Speakers/Headphones (Realtek(R) Audio)' : 6 channels at 48 kHz using 32 bits per sample (channel mask 0x3f)
[2018.12.02-00.55.04:480][  0]LogInit: FAudioDevice initialized.
[2018.12.02-00.55.04:533][  0]LogDerivedDataCache: Saved boot cache 0.05s 74MB C:/Users/carlo/AppData/Local/UnrealEngine/4.19/DerivedDataCache/Boot.ddc.
[2018.12.02-00.55.04:541][  0]LogInit: Texture streaming: Enabled
[2018.12.02-00.55.04:558][  0]LogEngineSessionManager: EngineSessionManager initialized
[2018.12.02-00.55.04:581][  0]LogInit: Transaction tracking system initialized
[2018.12.02-00.55.04:609][  0]BlueprintLog: New page: Editor Load
[2018.12.02-00.55.04:755][  0]LocalizationService: Localization service is disabled
[2018.12.02-00.55.04:905][  0]LogConsoleResponse: Display: 
[2018.12.02-00.55.05:061][  0]LogFileCache: Scanning file cache for directory 'C:/Users/carlo/Documents/GitHub/ImmReal/FinalProject/Content/' took 0.01s
[2018.12.02-00.55.05:061][  0]LogCook: Display: Max memory allowance for cook 16384mb min free memory 0mb
[2018.12.02-00.55.05:061][  0]LogCook: Display: Mobile HDR setting 1
[2018.12.02-00.55.05:061][  0]LogGameplayTags: Display: UGameplayTagsManager::DoneAddingNativeTags. DelegateIsBound: 0
[2018.12.02-00.55.05:061][  0]LogStats: UGameplayTagsManager::ConstructGameplayTagTree: Construct from data asset -  0.000 s
[2018.12.02-00.55.05:061][  0]LogStats: UGameplayTagsManager::ConstructGameplayTagTree: GameplayTagTreeChangedEvent.Broadcast -  0.000 s
[2018.12.02-00.55.05:512][  0]SourceControl: Source control is disabled
[2018.12.02-00.55.05:512][  0]Cmd: MAP LOAD FILE="../../../Engine/Content/Maps/Templates/Template_Default.umap" TEMPLATE=1 SHOWPROGRESS=1 FEATURELEVEL=3
[2018.12.02-00.55.05:512][  0]LightingResults: New page: Lighting Build
[2018.12.02-00.55.05:515][  0]MapCheck: New page: Map Check
[2018.12.02-00.55.05:515][  0]LightingResults: New page: Lighting Build
[2018.12.02-00.55.05:663][  0]LogAIModule: Creating AISystem for world Untitled_1
[2018.12.02-00.55.05:669][  0]LogEditorServer: Finished looking for orphan Actors (0.000 secs)
[2018.12.02-00.55.05:679][  0]Cmd: MAP CHECKDEP NOCLEARLOG
[2018.12.02-00.55.05:736][  0]MapCheck: Map check complete: 0 Error(s), 0 Warning(s), took 57.085ms to complete.
[2018.12.02-00.55.05:736][  0]LogFileHelpers: Loading map 'Template_Default' took 0.225
[2018.12.02-00.55.05:951][  0]LogCollectionManager: Loaded 0 collections in 0.002536 seconds
[2018.12.02-00.55.06:019][  0]LogFileCache: Scanning file cache for directory 'C:/Users/carlo/Documents/GitHub/ImmReal/FinalProject/Saved/Collections/' took 0.01s
[2018.12.02-00.55.06:019][  0]LogFileCache: Scanning file cache for directory 'C:/Users/carlo/Documents/GitHub/ImmReal/FinalProject/Content/Developers/carlo/Collections/' took 0.01s
[2018.12.02-00.55.06:019][  0]LogFileCache: Scanning file cache for directory 'C:/Users/carlo/Documents/GitHub/ImmReal/FinalProject/Content/Collections/' took 0.01s
[2018.12.02-00.55.06:019][  0]LogCollectionManager: Rebuilt the GUID cache for 0 collections in 0.000000 seconds
[2018.12.02-00.55.06:028][  0]LogContentBrowser: Native class hierarchy populated in 0.0079 seconds. Added 2452 classes and 558 folders.
[2018.12.02-00.55.06:039][  0]LogContentBrowser: Native class hierarchy updated for 'WidgetCarousel' in 0.0002 seconds. Added 0 classes and 0 folders.
[2018.12.02-00.55.06:474][  0]LogContentBrowser: Native class hierarchy updated for 'AddContentDialog' in 0.0002 seconds. Added 0 classes and 0 folders.
[2018.12.02-00.55.06:486][  0]LogContentBrowser: Native class hierarchy updated for 'SceneOutliner' in 0.0002 seconds. Added 1 classes and 2 folders.
[2018.12.02-00.55.06:618][  0]LogSlate: Took 0.000275 seconds to synchronously load lazily loaded font '../../../Engine/Content/Slate/Fonts/Roboto-Regular.ttf' (155K)
[2018.12.02-00.55.06:621][  0]LogSlate: Took 0.000213 seconds to synchronously load lazily loaded font '../../../Engine/Content/Slate/Fonts/Roboto-Bold.ttf' (160K)
[2018.12.02-00.55.06:632][  0]LogSlate: Took 0.005936 seconds to synchronously load lazily loaded font '../../../Engine/Content/Editor/Slate/Fonts/FontAwesome.ttf' (139K)
[2018.12.02-00.55.06:767][  0]LogRenderer: Reallocating scene render targets to support 1560x760 Format 10 NumSamples 1 (Frame:1).
[2018.12.02-00.55.06:960][  0]LogContentBrowser: Native class hierarchy updated for 'HierarchicalLODOutliner' in 0.0002 seconds. Added 0 classes and 0 folders.
[2018.12.02-00.55.06:960][  0]LogLoad: (Engine Initialization) Total time: 13.92 seconds
[2018.12.02-00.55.06:960][  0]LogLoad: (Engine Initialization) Total Blueprint compile time: 0.00 seconds
[2018.12.02-00.55.06:977][  0]LogWindowsTextInputMethodSystem: Display: IME system now deactivated.
[2018.12.02-00.55.07:001][  0]LogAssetRegistry: Asset discovery search completed in 8.3278 seconds
[2018.12.02-00.55.07:003][  0]LogCollectionManager: Rebuilt the object cache for 0 collections in 0.000000 seconds (found 0 objects)
[2018.12.02-00.55.07:003][  0]LogCollectionManager: Fixed up redirectors for 0 collections in 0.000057 seconds (updated 0 objects)
[2018.12.02-00.55.07:006][  0]LogContentStreaming: Texture pool size now 1000 MB
[2018.12.02-00.55.13:133][310]LogSlate: FSceneViewport::OnFocusLost() reason 0
[2018.12.02-00.55.18:784][627]LogSlate: Took 0.000302 seconds to synchronously load lazily loaded font '../../../Engine/Content/Slate/Fonts/Roboto-Light.ttf' (167K)
[2018.12.02-00.56.18:088][799]LogTextFormatter: Warning: Failed to parse argument "ExistingAsset" as a number (using "0" as a fallback). Please check your format string for errors: "{ExistingAsset} already exists. Do you want to replace it?".
[2018.12.02-00.56.20:203][799]LogSlate: Window 'Message' being destroyed
[2018.12.02-00.56.20:212][799]LogSlate: Window 'Save Level As' being destroyed
[2018.12.02-00.56.34:696][799]LogSlate: Window 'Message' being destroyed
[2018.12.02-00.56.36:294][799]LogSlate: Window 'Save Level As' being destroyed
[2018.12.02-00.56.41:301][ 99]LogSlate: Took 0.000182 seconds to synchronously load lazily loaded font '../../../Engine/Content/Slate/Fonts/Roboto-Light.ttf' (167K)
[2018.12.02-00.56.43:816][ 99]LogSlate: Window 'Save Content' being destroyed
[2018.12.02-00.56.43:823][ 99]Cmd: MAP LOAD FILE="../../../../../../Users/carlo/Documents/GitHub/ImmReal/FinalProject/Content/Scenes/Scene1.umap" TEMPLATE=0 SHOWPROGRESS=1 FEATURELEVEL=3
[2018.12.02-00.56.43:825][ 99]LightingResults: New page: Lighting Build
[2018.12.02-00.56.43:825][ 99]LoadErrors: New page: Loading map: Scene1.umap
[2018.12.02-00.56.43:825][ 99]MapCheck: New page: Map Check
[2018.12.02-00.56.43:825][ 99]LightingResults: New page: Lighting Build
[2018.12.02-00.56.43:879][ 99]LogEditorServer: Finished looking for orphan Actors (0.000 secs)
[2018.12.02-00.56.43:879][ 99]LogAIModule: Creating AISystem for world Scene1
[2018.12.02-00.56.43:922][ 99]Cmd: MAP CHECKDEP NOCLEARLOG
[2018.12.02-00.56.43:979][ 99]MapCheck: Map check complete: 0 Error(s), 0 Warning(s), took 55.515ms to complete.
[2018.12.02-00.56.43:982][ 99]LogFileHelpers: Loading map 'Scene1' took 0.160
[2018.12.02-00.56.52:562][454]LogSlate: Window 'Save Content' being destroyed
[2018.12.02-00.56.52:628][454]Cmd: OBJ SAVEPACKAGE PACKAGE="/Game/Scenes/Scene1" FILE="../../../../../../Users/carlo/Documents/GitHub/ImmReal/FinalProject/Content/Scenes/Scene1.umap" SILENT=true AUTOSAVING=false KEEPDIRTY=false
[2018.12.02-00.56.52:653][454]LogSavePackage: Save=10.88ms
[2018.12.02-00.56.52:653][454]LogSavePackage: Moving '../../../../../../Users/carlo/Documents/GitHub/ImmReal/FinalProject/Saved/Scene14B8E07CA47D25ED19A6910A00A724BDF.tmp' to '../../../../../../Users/carlo/Documents/GitHub/ImmReal/FinalProject/Content/Scenes/Scene1.umap'
[2018.12.02-00.56.52:663][454]LogSavePackage: Display: Finished SavePackage ../../../../../../Users/carlo/Documents/GitHub/ImmReal/FinalProject/Content/Scenes/Scene1.umap
[2018.12.02-00.56.52:680][454]LogFileHelpers: Saving map 'Scene1' took 0.111
[2018.12.02-00.56.52:683][454]Cmd: MAP LOAD FILE="../../../../../../Users/carlo/Documents/GitHub/ImmReal/FinalProject/Content/Scenes/Scene1.umap" TEMPLATE=0 SHOWPROGRESS=1 FEATURELEVEL=3
[2018.12.02-00.56.52:684][454]LightingResults: New page: Lighting Build
[2018.12.02-00.56.52:684][454]LoadErrors: New page: Loading map: Scene1.umap
[2018.12.02-00.56.52:684][454]MapCheck: New page: Map Check
[2018.12.02-00.56.52:684][454]LightingResults: New page: Lighting Build
[2018.12.02-00.56.52:695][454]LogAIModule: Creating AISystem for world Scene1
[2018.12.02-00.56.52:744][454]LogEditorServer: Finished looking for orphan Actors (0.000 secs)
[2018.12.02-00.56.52:765][454]Cmd: MAP CHECKDEP NOCLEARLOG
[2018.12.02-00.56.52:821][454]MapCheck: Map check complete: 0 Error(s), 0 Warning(s), took 55.429ms to complete.
[2018.12.02-00.56.52:822][454]LogFileHelpers: Loading map 'Scene1' took 0.139
[2018.12.02-00.57.00:101][822]LogSlate: Window 'New Level' being destroyed
[2018.12.02-00.57.00:107][822]Cmd: MAP LOAD FILE="../../../Engine/Content/Maps/Templates/Template_Default.umap" TEMPLATE=1 SHOWPROGRESS=1 FEATURELEVEL=3
[2018.12.02-00.57.00:125][822]LightingResults: New page: Lighting Build
[2018.12.02-00.57.00:125][822]LoadErrors: New page: Loading map: Template_Default.umap
[2018.12.02-00.57.00:128][822]MapCheck: New page: Map Check
[2018.12.02-00.57.00:128][822]LightingResults: New page: Lighting Build
[2018.12.02-00.57.00:157][822]LogAIModule: Creating AISystem for world Untitled_2
[2018.12.02-00.57.00:245][822]LogEditorServer: Finished looking for orphan Actors (0.000 secs)
[2018.12.02-00.57.00:262][822]Cmd: MAP CHECKDEP NOCLEARLOG
[2018.12.02-00.57.00:317][822]MapCheck: Map check complete: 0 Error(s), 0 Warning(s), took 55.261ms to complete.
[2018.12.02-00.57.00:317][822]LogFileHelpers: Loading map 'Template_Default' took 0.210
[2018.12.02-00.57.12:670][303]LogTextFormatter: Warning: Failed to parse argument "ExistingAsset" as a number (using "0" as a fallback). Please check your format string for errors: "{ExistingAsset} already exists. Do you want to replace it?".
[2018.12.02-00.57.13:685][303]LogSlate: Window 'Message' being destroyed
[2018.12.02-00.57.13:691][303]LogSlate: Window 'Save Level As' being destroyed
[2018.12.02-00.57.13:781][303]Cmd: OBJ SAVEPACKAGE PACKAGE="/Game/Scenes/Scene1" FILE="../../../../../../Users/carlo/Documents/GitHub/ImmReal/FinalProject/Content/Scenes/Scene1.umap" SILENT=true AUTOSAVING=false KEEPDIRTY=false
[2018.12.02-00.57.13:837][303]LogSavePackage: Save=36.96ms
[2018.12.02-00.57.13:837][303]LogSavePackage: Moving '../../../../../../Users/carlo/Documents/GitHub/ImmReal/FinalProject/Saved/Scene1C648860F4D9E16E0F9E7C1B23F484ABB.tmp' to '../../../../../../Users/carlo/Documents/GitHub/ImmReal/FinalProject/Content/Scenes/Scene1.umap'
[2018.12.02-00.57.13:840][303]LogSavePackage: Display: Finished SavePackage ../../../../../../Users/carlo/Documents/GitHub/ImmReal/FinalProject/Content/Scenes/Scene1.umap
[2018.12.02-00.57.13:864][303]Cmd: OBJ SAVEPACKAGE PACKAGE="/Game/Scenes/Scene1_BuiltData" FILE="../../../../../../Users/carlo/Documents/GitHub/ImmReal/FinalProject/Content/Scenes/Scene1_BuiltData.uasset" SILENT=true
[2018.12.02-00.57.13:884][303]LogSavePackage: Save=15.71ms
[2018.12.02-00.57.13:884][303]LogSavePackage: Moving '../../../../../../Users/carlo/Documents/GitHub/ImmReal/FinalProject/Saved/Scene1_BuiltData3DE1EEFD4A6C2976ABFF41A553A6E570.tmp' to '../../../../../../Users/carlo/Documents/GitHub/ImmReal/FinalProject/Content/Scenes/Scene1_BuiltData.uasset'
[2018.12.02-00.57.13:886][303]LogSavePackage: Display: Finished SavePackage ../../../../../../Users/carlo/Documents/GitHub/ImmReal/FinalProject/Content/Scenes/Scene1_BuiltData.uasset
[2018.12.02-00.57.13:892][303]LogFileHelpers: Saving map 'Scene1' took 0.191
[2018.12.02-00.57.13:894][303]Cmd: MAP LOAD FILE="../../../../../../Users/carlo/Documents/GitHub/ImmReal/FinalProject/Content/Scenes/Scene1.umap" TEMPLATE=0 SHOWPROGRESS=1 FEATURELEVEL=3
[2018.12.02-00.57.13:912][303]LightingResults: New page: Lighting Build
[2018.12.02-00.57.13:913][303]LoadErrors: New page: Loading map: Scene1.umap
[2018.12.02-00.57.13:919][303]MapCheck: New page: Map Check
[2018.12.02-00.57.13:919][303]LightingResults: New page: Lighting Build
[2018.12.02-00.57.13:941][303]LogAIModule: Creating AISystem for world Scene1
[2018.12.02-00.57.14:016][303]LogEditorServer: Finished looking for orphan Actors (0.000 secs)
[2018.12.02-00.57.14:041][303]Cmd: MAP CHECKDEP NOCLEARLOG
[2018.12.02-00.57.14:098][303]MapCheck: Map check complete: 0 Error(s), 0 Warning(s), took 55.908ms to complete.
[2018.12.02-00.57.14:098][303]LogFileHelpers: Loading map 'Scene1' took 0.205
[2018.12.02-00.57.14:098][303]LoadErrors: Error: /Game/Scenes/Scene1 : Failed import for MapBuildDataRegistry /Game/Scenes/Scene1_BuiltData.Scene1_BuiltData Referenced by export Level /Game/Scenes/Scene1.Scene1:PersistentLevel
[2018.12.02-00.57.17:828][523]LogEditorViewport: Clicking on Actor (LMB): BP_Sky_Sphere_C (Sky Sphere)
[2018.12.02-00.57.19:680][630]LogSlate: FSceneViewport::OnFocusLost() reason 0
[2018.12.02-00.57.22:396][776]LogSlate: Took 0.005133 seconds to synchronously load lazily loaded font '../../../Engine/Content/Slate/Fonts/Roboto-Italic.ttf' (157K)
[2018.12.02-00.57.25:597][967]Cmd: OBJ SAVEPACKAGE PACKAGE="/Game/Scenes/Scene1" FILE="../../../../../../Users/carlo/Documents/GitHub/ImmReal/FinalProject/Content/Scenes/Scene1.umap" SILENT=true AUTOSAVING=false KEEPDIRTY=false
[2018.12.02-00.57.25:638][967]LogSavePackage: Save=25.96ms
[2018.12.02-00.57.25:638][967]LogSavePackage: Moving '../../../../../../Users/carlo/Documents/GitHub/ImmReal/FinalProject/Saved/Scene1B483D9A84B9979179E037D9966A8227F.tmp' to '../../../../../../Users/carlo/Documents/GitHub/ImmReal/FinalProject/Content/Scenes/Scene1.umap'
[2018.12.02-00.57.25:643][967]LogSavePackage: Display: Finished SavePackage ../../../../../../Users/carlo/Documents/GitHub/ImmReal/FinalProject/Content/Scenes/Scene1.umap
[2018.12.02-00.57.32:132][223]LogEditorViewport: Clicking on Actor (LMB): BP_Sky_Sphere_C (Sky Sphere)
[2018.12.02-00.58.52:462][671]LogSlate: FSceneViewport::OnFocusLost() reason 2
[2018.12.02-01.25.09:113][929]LogInit: XAudio2 using 'Speakers/Headphones (Realtek(R) Audio)' : 6 channels at 48 kHz using 32 bits per sample (channel mask 0x3f)
[2018.12.02-03.42.13:875][603]LogInit: XAudio2 using 'Speakers/Headphones (Realtek(R) Audio)' : 6 channels at 48 kHz using 32 bits per sample (channel mask 0x3f)
[2018.12.02-03.44.50:474][425]LogTexture: Display: Building textures: Texture2D_2 (G8, 128X128)
[2018.12.02-03.45.04:416][257]LogSlate: FSceneViewport::OnFocusLost() reason 0
[2018.12.02-03.45.05:455][319]LogEditorViewport: Clicking on Actor (LMB): StaticMeshActor (Floor)
[2018.12.02-03.45.06:529][377]Cmd: DELETE
[2018.12.02-03.45.06:529][377]Cmd: ACTOR DELETE
[2018.12.02-03.45.06:547][377]LogEditorActor: Deleted Actor: StaticMeshActor
[2018.12.02-03.45.06:557][377]LogEditorActor: Deleted 1 Actors (0.019 secs)
[2018.12.02-03.45.08:388][487]LogSlate: FSceneViewport::OnFocusLost() reason 0
[2018.12.02-03.45.08:507][494]LogTexture: Display: Building textures: Texture2D_3 (G8, 128X128)
[2018.12.02-03.45.52:514][225]LogTexture: Display: Building textures: Texture2D_0 (BGRA8, 512X256)
[2018.12.02-03.46.13:230][461]Cmd: SELECT NONE
[2018.12.02-03.46.13:497][477]Cmd: SELECT NONE
[2018.12.02-03.46.14:731][551]LogSlate: FSceneViewport::OnFocusLost() reason 0
[2018.12.02-03.46.15:568][601]LogEditorViewport: Clicking on Actor (LMB): Landscape (Landscape)
[2018.12.02-03.46.16:652][663]Cmd: DELETE
[2018.12.02-03.46.16:652][663]Cmd: ACTOR DELETE
[2018.12.02-03.46.16:655][663]LogEditorActor: Deleted Actor: Landscape
[2018.12.02-03.46.16:681][663]LogEditorActor: Deleted 1 Actors (0.029 secs)
[2018.12.02-03.46.21:420][948]LogEditorViewport: Clicking on Actor (LMB): BP_Sky_Sphere_C (Sky Sphere)
[2018.12.02-03.46.26:001][221]LogSlate: FSceneViewport::OnFocusLost() reason 0
[2018.12.02-03.46.34:238][712]LogSlate: Window 'Color Picker' being destroyed
[2018.12.02-03.46.48:471][565]LogSlate: FSceneViewport::OnFocusLost() reason 2
[2018.12.02-03.46.52:757][822]LogSlate: FSceneViewport::OnFocusLost() reason 0
[2018.12.02-03.46.54:853][948]LogSlate: Window 'Color Picker' being destroyed
[2018.12.02-03.46.59:870][248]LogSlate: Window 'Color Picker' being destroyed
[2018.12.02-03.47.10:719][898]LogSlate: Window 'Color Picker' being destroyed
[2018.12.02-03.47.18:367][356]LogSlate: FSceneViewport::OnFocusLost() reason 0
[2018.12.02-03.47.18:465][362]LogSlate: Window 'Color Picker' being destroyed
[2018.12.02-03.47.28:213][946]LogSlate: Window 'Color Picker' being destroyed
[2018.12.02-03.47.34:014][294]LogSlate: FSceneViewport::OnFocusLost() reason 0
[2018.12.02-03.47.42:948][830]LogSlate: FSceneViewport::OnFocusLost() reason 0
[2018.12.02-03.47.56:784][660]LogSlate: FSceneViewport::OnFocusLost() reason 0
[2018.12.02-03.48.04:817][142]LogSlate: FSceneViewport::OnFocusLost() reason 0
[2018.12.02-03.48.05:729][194]LogActorComponent: UnregisterComponent: (/Engine/Transient.SphereBrushComponent) Not registered. Aborting.
[2018.12.02-03.48.17:119][874]LogTexture: Display: Building textures: Texture2D_1 (BGRA8, 512X512)
[2018.12.02-03.48.31:098][707]Cmd: SELECT NONE
[2018.12.02-03.48.32:499][791]LogSlate: FSceneViewport::OnFocusLost() reason 0
[2018.12.02-03.48.33:167][831]LogEditorViewport: Clicking on Actor (LMB): Landscape (Landscape1)
[2018.12.02-03.48.45:008][539]LogSlate: FSceneViewport::OnFocusLost() reason 0
[2018.12.02-03.48.55:682][178]LogEditorViewport: Clicking on Actor (LMB): BP_Sky_Sphere_C (Sky Sphere)
[2018.12.02-03.48.58:144][323]LogSlate: FSceneViewport::OnFocusLost() reason 2
[2018.12.02-03.49.13:485][243]LogSlate: Window 'Color Picker' being destroyed
[2018.12.02-03.49.14:385][296]LogSlate: FSceneViewport::OnFocusLost() reason 2
[2018.12.02-03.49.19:701][615]LogSlate: Window 'Color Picker' being destroyed
[2018.12.02-03.49.21:322][711]LogSlate: FSceneViewport::OnFocusLost() reason 2
[2018.12.02-03.49.29:376][194]LogSlate: FSceneViewport::OnFocusLost() reason 0
[2018.12.02-03.49.29:491][201]LogSlate: Window 'Color Picker' being destroyed
[2018.12.02-03.49.33:605][447]LogSlate: FSceneViewport::OnFocusLost() reason 2
[2018.12.02-03.49.40:611][867]LogSlate: FSceneViewport::OnFocusLost() reason 0
[2018.12.02-03.49.47:144][259]LogSlate: FSceneViewport::OnFocusLost() reason 0
[2018.12.02-03.49.47:241][265]LogSlate: Window 'Color Picker' being destroyed
[2018.12.02-03.50.03:822][258]LogSlate: FSceneViewport::OnFocusLost() reason 0
[2018.12.02-03.50.06:556][421]LogSlate: FSceneViewport::OnFocusLost() reason 0
[2018.12.02-03.50.06:663][426]Cmd: OBJ SAVEPACKAGE PACKAGE="/Game/Scenes/Scene1" FILE="../../../../../../Users/carlo/Documents/GitHub/ImmReal/FinalProject/Content/Scenes/Scene1.umap" SILENT=true AUTOSAVING=false KEEPDIRTY=false
[2018.12.02-03.50.06:706][426]LogTexture: Display: Building textures: Texture2D_1 (BGRA8, 512X512)
[2018.12.02-03.50.06:935][426]LogSavePackage: Save=240.94ms
[2018.12.02-03.50.06:935][426]LogSavePackage: Moving '../../../../../../Users/carlo/Documents/GitHub/ImmReal/FinalProject/Saved/Scene133A90DAC4DCC2571E292B4B9D35F7CDD.tmp' to '../../../../../../Users/carlo/Documents/GitHub/ImmReal/FinalProject/Content/Scenes/Scene1.umap'
[2018.12.02-03.50.06:944][426]LogSavePackage: Display: Finished SavePackage ../../../../../../Users/carlo/Documents/GitHub/ImmReal/FinalProject/Content/Scenes/Scene1.umap
[2018.12.02-03.50.21:377][289]LogSlate: FSceneViewport::OnFocusLost() reason 0
[2018.12.02-03.50.41:331][484]LogSlate: FSceneViewport::OnFocusLost() reason 0
[2018.12.02-03.50.41:465][492]LogTemp: Repeating last play command: Selected Viewport
[2018.12.02-03.50.41:498][492]LogPlayLevel: PlayLevel: No blueprints needed recompiling
[2018.12.02-03.50.41:503][492]PIE: New page: PIE session: Scene1 (Dec 1, 2018, 3:50:41 PM)
[2018.12.02-03.50.41:503][492]LogPlayLevel: Creating play world package: /Game/Scenes/UEDPIE_0_Scene1
[2018.12.02-03.50.41:514][492]LogPlayLevel: PIE: StaticDuplicateObject took: (0.010875s)
[2018.12.02-03.50.41:515][492]LogAIModule: Creating AISystem for world Scene1
[2018.12.02-03.50.41:515][492]LogPlayLevel: PIE: World Init took: (0.000664s)
[2018.12.02-03.50.41:515][492]LogPlayLevel: PIE: Created PIE world by copying editor world from /Game/Scenes/Scene1.Scene1 to /Game/Scenes/UEDPIE_0_Scene1.Scene1 (0.011692s)
[2018.12.02-03.50.41:536][492]LogInit: XAudio2 using 'Speakers/Headphones (Realtek(R) Audio)' : 6 channels at 48 kHz using 32 bits per sample (channel mask 0x3f)
[2018.12.02-03.50.41:732][492]LogInit: FAudioDevice initialized.
[2018.12.02-03.50.41:777][492]LogLoad: Game class is 'GameModeBase'
[2018.12.02-03.50.41:787][492]LogWorld: Bringing World /Game/Scenes/UEDPIE_0_Scene1.Scene1 up for play (max tick rate 60) at 2018.12.01-21.50.41
[2018.12.02-03.50.41:788][492]LogWorld: Bringing up level for play took: 0.003897
[2018.12.02-03.50.41:810][492]LogContentBrowser: Native class hierarchy updated for 'MovieSceneCapture' in 0.0003 seconds. Added 11 classes and 0 folders.
[2018.12.02-03.50.41:813][492]PIE: Play in editor start time for /Game/Scenes/UEDPIE_0_Scene1 0.899
[2018.12.02-03.51.22:942][457]LogSlate: FSceneViewport::OnFocusLost() reason 0
[2018.12.02-03.51.27:322][642]LogEditorViewport: Clicking on Actor (context menu): Landscape (Landscape1)
[2018.12.02-03.51.27:412][642]LogSlate: FSceneViewport::OnFocusLost() reason 2
[2018.12.02-03.51.28:495][689]LogEditorViewport: Clicking on Actor (LMB): Landscape (Landscape1)
[2018.12.02-03.58.47:687][254]LogSlate: FSceneViewport::OnFocusLost() reason 0
[2018.12.02-03.58.57:472][658]LogSlate: Window 'Save Content' being destroyed
[2018.12.02-03.58.57:495][658]LogSlate: FSceneViewport::OnFocusLost() reason 2
[2018.12.02-03.58.57:588][658]Cmd: OBJ SAVEPACKAGE PACKAGE="/Game/Scenes/Scene1" FILE="../../../../../../Users/carlo/Documents/GitHub/ImmReal/FinalProject/Content/Scenes/Scene1.umap" SILENT=true AUTOSAVING=false KEEPDIRTY=false
[2018.12.02-03.58.57:802][658]LogSavePackage: Save=187.33ms
[2018.12.02-03.58.57:802][658]LogSavePackage: Moving '../../../../../../Users/carlo/Documents/GitHub/ImmReal/FinalProject/Saved/Scene1C98D4FB748A7B1D8446CE8ADC5A8E146.tmp' to '../../../../../../Users/carlo/Documents/GitHub/ImmReal/FinalProject/Content/Scenes/Scene1.umap'
[2018.12.02-03.58.57:811][658]LogSavePackage: Display: Finished SavePackage ../../../../../../Users/carlo/Documents/GitHub/ImmReal/FinalProject/Content/Scenes/Scene1.umap
[2018.12.02-03.58.57:841][658]LogFileHelpers: Saving map 'Scene1' took 0.340
[2018.12.02-03.58.57:902][658]LogSlate: Window 'FinalProject - Unreal Editor' being destroyed
[2018.12.02-03.58.57:945][658]LogWindowsTextInputMethodSystem: Display: IME system now deactivated.
[2018.12.02-03.58.58:152][659]Cmd: QUIT_EDITOR
[2018.12.02-03.58.58:782][659]LogSlate: Slate User Destroyed.  User Index 0, Is Virtual User: 0
[2018.12.02-03.58.58:782][659]LogExit: Preparing to exit.
[2018.12.02-03.58.59:210][659]LogDirectoryWatcher: A directory notification failed for 'C:/Users/carlo/Documents/GitHub/ImmReal/FinalProject/Content/', and we were unable to create a new request.
[2018.12.02-03.58.59:228][659]LogExit: Editor shut down
[2018.12.02-03.58.59:237][659]LogExit: Transaction tracking system shut down
[2018.12.02-03.58.59:392][659]LogDirectoryWatcher: A directory notification for '../../../Engine/Content/' was aborted.
[2018.12.02-03.58.59:392][659]LogDirectoryWatcher: A directory notification for '../../../../../../Users/carlo/Documents/GitHub/ImmReal/FinalProject/Content/' was aborted.
[2018.12.02-03.58.59:392][659]LogDirectoryWatcher: A directory notification for '../../Plugins/2D/Paper2D/Content/' was aborted.
[2018.12.02-03.58.59:393][659]LogDirectoryWatcher: A directory notification for '../../Plugins/Enterprise/DatasmithContent/Content/' was aborted.
[2018.12.02-03.58.59:393][659]LogDirectoryWatcher: A directory notification for '../../Plugins/Media/MediaCompositing/Content/' was aborted.
[2018.12.02-03.58.59:393][659]LogDirectoryWatcher: A directory notification for '../../Plugins/Runtime/AppleARKit/Content/' was aborted.
[2018.12.02-03.58.59:393][659]LogDirectoryWatcher: A directory notification for '../../Plugins/Runtime/Oculus/OculusVR/Content/' was aborted.
[2018.12.02-03.58.59:393][659]LogDirectoryWatcher: A directory notification for '../../Plugins/Runtime/Steam/SteamVR/Content/' was aborted.
[2018.12.02-03.58.59:481][659]LogExit: Object subsystem successfully closed.
[2018.12.02-03.58.59:499][659]LogShaderCompilers: Display: Shaders left to compile 0
[2018.12.02-03.58.59:502][659]LogD3D11RHI: Shutdown
[2018.12.02-03.58.59:502][659]LogD3D11RHI: CleanupD3DDevice
[2018.12.02-03.58.59:506][659]LogD3D11RHI: ~FD3D11DynamicRHI
[2018.12.02-03.58.59:529][659]LogModuleManager: Shutting down and abandoning module MovieSceneCapture (580)
[2018.12.02-03.58.59:529][659]LogModuleManager: Shutting down and abandoning module NewLevelDialog (578)
[2018.12.02-03.58.59:529][659]LogModuleManager: Shutting down and abandoning module HierarchicalLODOutliner (576)
[2018.12.02-03.58.59:529][659]LogModuleManager: Shutting down and abandoning module SceneOutliner (574)
[2018.12.02-03.58.59:529][659]LogModuleManager: Shutting down and abandoning module AddContentDialog (572)
[2018.12.02-03.58.59:529][659]LogDirectoryWatcher: A directory notification for 'C:/Program Files/Epic Games/UE_4.19/FeaturePacks/' was aborted.
[2018.12.02-03.58.59:548][659]LogModuleManager: Shutting down and abandoning module WidgetCarousel (571)
[2018.12.02-03.58.59:548][659]LogModuleManager: Shutting down and abandoning module EditorWidgets (568)
[2018.12.02-03.58.59:548][659]LogModuleManager: Shutting down and abandoning module CollectionManager (566)
[2018.12.02-03.58.59:548][659]LogDirectoryWatcher: A directory notification for 'C:/Users/carlo/Documents/GitHub/ImmReal/FinalProject/Content/Collections/' was aborted.
[2018.12.02-03.58.59:549][659]LogDirectoryWatcher: A directory notification for 'C:/Users/carlo/Documents/GitHub/ImmReal/FinalProject/Content/Developers/carlo/Collections/' was aborted.
[2018.12.02-03.58.59:549][659]LogDirectoryWatcher: A directory notification for 'C:/Users/carlo/Documents/GitHub/ImmReal/FinalProject/Saved/Collections/' was aborted.
[2018.12.02-03.58.59:549][659]LogModuleManager: Shutting down and abandoning module HierarchicalLODUtilities (564)
[2018.12.02-03.58.59:549][659]LogModuleManager: Shutting down and abandoning module StatsViewer (562)
[2018.12.02-03.58.59:549][659]LogModuleManager: Shutting down and abandoning module FoliageEdit (560)
[2018.12.02-03.58.59:549][659]LogModuleManager: Shutting down and abandoning module LandscapeEditor (558)
[2018.12.02-03.58.59:549][659]LogModuleManager: Shutting down and abandoning module MeshPaintMode (556)
[2018.12.02-03.58.59:549][659]LogModuleManager: Shutting down and abandoning module SceneDepthPickerMode (554)
[2018.12.02-03.58.59:549][659]LogModuleManager: Shutting down and abandoning module ActorPickerMode (552)
[2018.12.02-03.58.59:549][659]LogModuleManager: Shutting down and abandoning module GeometryMode (550)
[2018.12.02-03.58.59:549][659]LogModuleManager: Shutting down and abandoning module TextureAlignMode (548)
[2018.12.02-03.58.59:549][659]LogModuleManager: Shutting down and abandoning module BspMode (546)
[2018.12.02-03.58.59:549][659]LogModuleManager: Shutting down and abandoning module PIEPreviewDeviceProfileSelector (544)
[2018.12.02-03.58.59:549][659]LogModuleManager: Shutting down and abandoning module HardwareSurvey (542)
[2018.12.02-03.58.59:549][659]LogModuleManager: Shutting down and abandoning module SequenceRecorderSections (540)
[2018.12.02-03.58.59:549][659]LogModuleManager: Shutting down and abandoning module AutomationWorker (538)
[2018.12.02-03.58.59:549][659]LogModuleManager: Shutting down and abandoning module AudioCaptureEditor (536)
[2018.12.02-03.58.59:549][659]LogModuleManager: Shutting down and abandoning module SequenceRecorder (535)
[2018.12.02-03.58.59:549][659]LogModuleManager: Shutting down and abandoning module MatineeToLevelSequence (532)
[2018.12.02-03.58.59:549][659]LogModuleManager: Shutting down and abandoning module LevelSequenceEditor (530)
[2018.12.02-03.58.59:550][659]LogModuleManager: Shutting down and abandoning module PlacementMode (529)
[2018.12.02-03.58.59:550][659]LogModuleManager: Shutting down and abandoning module MaterialEditor (528)
[2018.12.02-03.58.59:550][659]LogModuleManager: Shutting down and abandoning module WmfMediaFactory (524)
[2018.12.02-03.58.59:550][659]LogModuleManager: Shutting down and abandoning module WmfMediaEditor (522)
[2018.12.02-03.58.59:550][659]LogModuleManager: Shutting down and abandoning module MediaPlayerEditor (520)
[2018.12.02-03.58.59:550][659]LogModuleManager: Shutting down and abandoning module OpenExrWrapper (518)
[2018.12.02-03.58.59:550][659]LogModuleManager: Shutting down and abandoning module ImgMediaFactory (516)
[2018.12.02-03.58.59:550][659]LogModuleManager: Shutting down and abandoning module ImgMediaEditor (514)
[2018.12.02-03.58.59:550][659]LogModuleManager: Shutting down and abandoning module AvfMediaFactory (512)
[2018.12.02-03.58.59:550][659]LogModuleManager: Shutting down and abandoning module AvfMediaEditor (510)
[2018.12.02-03.58.59:550][659]LogModuleManager: Shutting down and abandoning module AndroidMediaFactory (508)
[2018.12.02-03.58.59:550][659]LogModuleManager: Shutting down and abandoning module AndroidMediaEditor (506)
[2018.12.02-03.58.59:550][659]LogModuleManager: Shutting down and abandoning module CharacterAI (504)
[2018.12.02-03.58.59:550][659]LogModuleManager: Shutting down and abandoning module SmartSnapping (502)
[2018.12.02-03.58.59:550][659]LogModuleManager: Shutting down and abandoning module SessionServices (500)
[2018.12.02-03.58.59:550][659]LogModuleManager: Shutting down and abandoning module ViewportSnapping (498)
[2018.12.02-03.58.59:550][659]LogModuleManager: Shutting down and abandoning module ViewportInteraction (496)
[2018.12.02-03.58.59:550][659]LogModuleManager: Shutting down and abandoning module ClothPainter (494)
[2018.12.02-03.58.59:550][659]LogModuleManager: Shutting down and abandoning module SkeletalMeshEditor (493)
[2018.12.02-03.58.59:550][659]LogModuleManager: Shutting down and abandoning module LogVisualizer (490)
[2018.12.02-03.58.59:550][659]LogModuleManager: Shutting down and abandoning module IntroTutorials (488)
[2018.12.02-03.58.59:550][659]LogModuleManager: Shutting down and abandoning module GameProjectGeneration (487)
[2018.12.02-03.58.59:550][659]LogModuleManager: Shutting down and abandoning module IOSPlatformEditor (484)
[2018.12.02-03.58.59:550][659]LogModuleManager: Shutting down and abandoning module HTML5PlatformEditor (482)
[2018.12.02-03.58.59:550][659]LogModuleManager: Shutting down and abandoning module AndroidPlatformEditor (480)
[2018.12.02-03.58.59:550][659]LogModuleManager: Shutting down and abandoning module AndroidDeviceDetection (479)
[2018.12.02-03.58.59:616][659]LogModuleManager: Shutting down and abandoning module WindowsPlatformEditor (476)
[2018.12.02-03.58.59:616][659]LogModuleManager: Shutting down and abandoning module IOSRuntimeSettings (474)
[2018.12.02-03.58.59:616][659]LogModuleManager: Shutting down and abandoning module AndroidRuntimeSettings (472)
[2018.12.02-03.58.59:616][659]LogModuleManager: Shutting down and abandoning module InputBindingEditor (470)
[2018.12.02-03.58.59:616][659]LogModuleManager: Shutting down and abandoning module MergeActors (468)
[2018.12.02-03.58.59:616][659]LogModuleManager: Shutting down and abandoning module LocalizationDashboard (466)
[2018.12.02-03.58.59:616][659]LogModuleManager: Shutting down and abandoning module LocalizationService (465)
[2018.12.02-03.58.59:616][659]LogModuleManager: Shutting down and abandoning module HardwareTargeting (462)
[2018.12.02-03.58.59:616][659]LogModuleManager: Shutting down and abandoning module DeviceProfileEditor (460)
[2018.12.02-03.58.59:616][659]LogModuleManager: Shutting down and abandoning module UndoHistory (458)
[2018.12.02-03.58.59:616][659]LogModuleManager: Shutting down and abandoning module XmlParser (456)
[2018.12.02-03.58.59:616][659]LogModuleManager: Shutting down and abandoning module Blutility (454)
[2018.12.02-03.58.59:616][659]LogModuleManager: Shutting down and abandoning module ProjectSettingsViewer (452)
[2018.12.02-03.58.59:617][659]LogModuleManager: Shutting down and abandoning module ProjectTargetPlatformEditor (451)
[2018.12.02-03.58.59:617][659]LogModuleManager: Shutting down and abandoning module EditorSettingsViewer (448)
[2018.12.02-03.58.59:617][659]LogModuleManager: Shutting down and abandoning module SettingsEditor (446)
[2018.12.02-03.58.59:617][659]LogModuleManager: Shutting down and abandoning module ProjectLauncher (444)
[2018.12.02-03.58.59:617][659]LogModuleManager: Shutting down and abandoning module SessionFrontend (442)
[2018.12.02-03.58.59:617][659]LogModuleManager: Shutting down and abandoning module ProfilerClient (440)
[2018.12.02-03.58.59:617][659]LogModuleManager: Shutting down and abandoning module DeviceManager (438)
[2018.12.02-03.58.59:617][659]LogModuleManager: Shutting down and abandoning module TargetDeviceServices (437)
[2018.12.02-03.58.59:672][659]LogModuleManager: Shutting down and abandoning module AutomationController (434)
[2018.12.02-03.58.59:672][659]LogModuleManager: Shutting down and abandoning module AutomationWindow (432)
[2018.12.02-03.58.59:672][659]LogModuleManager: Shutting down and abandoning module Layers (430)
[2018.12.02-03.58.59:672][659]LogModuleManager: Shutting down and abandoning module ComponentVisualizers (428)
[2018.12.02-03.58.59:672][659]LogModuleManager: Shutting down and abandoning module DetailCustomizations (426)
[2018.12.02-03.58.59:672][659]LogModuleManager: Shutting down and abandoning module PackagesDialog (424)
[2018.12.02-03.58.59:672][659]LogModuleManager: Shutting down and abandoning module Persona (422)
[2018.12.02-03.58.59:672][659]LogModuleManager: Shutting down and abandoning module AdvancedPreviewScene (421)
[2018.12.02-03.58.59:672][659]LogModuleManager: Shutting down and abandoning module AnimGraph (419)
[2018.12.02-03.58.59:672][659]LogModuleManager: Shutting down and abandoning module Kismet (416)
[2018.12.02-03.58.59:672][659]LogModuleManager: Shutting down and abandoning module GraphEditor (414)
[2018.12.02-03.58.59:672][659]LogModuleManager: Shutting down and abandoning module ClassViewer (412)
[2018.12.02-03.58.59:672][659]LogModuleManager: Shutting down and abandoning module Toolbox (410)
[2018.12.02-03.58.59:672][659]LogModuleManager: Shutting down and abandoning module ModuleUI (408)
[2018.12.02-03.58.59:672][659]LogModuleManager: Shutting down and abandoning module MovieSceneTools (406)
[2018.12.02-03.58.59:673][659]LogModuleManager: Shutting down and abandoning module OutputLog (404)
[2018.12.02-03.58.59:673][659]LogModuleManager: Shutting down and abandoning module GammaUI (402)
[2018.12.02-03.58.59:673][659]LogModuleManager: Shutting down and abandoning module Documentation (400)
[2018.12.02-03.58.59:673][659]LogModuleManager: Shutting down and abandoning module MovieSceneTracks (398)
[2018.12.02-03.58.59:673][659]LogModuleManager: Shutting down and abandoning module MovieScene (396)
[2018.12.02-03.58.59:673][659]LogModuleManager: Shutting down and abandoning module StreamingPauseRendering (394)
[2018.12.02-03.58.59:673][659]LogModuleManager: Shutting down and abandoning module LauncherPlatform (392)
[2018.12.02-03.58.59:673][659]LogModuleManager: Shutting down and abandoning module AnalyticsET (390)
[2018.12.02-03.58.59:673][659]LogModuleManager: Shutting down and abandoning module PortalServices (388)
[2018.12.02-03.58.59:673][659]LogModuleManager: Shutting down and abandoning module PortalRpc (386)
[2018.12.02-03.58.59:673][659]LogModuleManager: Shutting down and abandoning module MessagingRpc (384)
[2018.12.02-03.58.59:673][659]LogModuleManager: Shutting down and abandoning module AIModule (382)
[2018.12.02-03.58.59:673][659]LogModuleManager: Shutting down and abandoning module GameplayDebugger (381)
[2018.12.02-03.58.59:673][659]LogModuleManager: Shutting down and abandoning module AITestSuite (379)
[2018.12.02-03.58.59:673][659]LogModuleManager: Shutting down and abandoning module DesktopPlatform (376)
[2018.12.02-03.58.59:673][659]LogModuleManager: Shutting down and abandoning module ProfilerService (374)
[2018.12.02-03.58.59:690][659]LogModuleManager: Shutting down and abandoning module TaskGraph (372)
[2018.12.02-03.58.59:690][659]LogModuleManager: Shutting down and abandoning module SteamVRController (370)
[2018.12.02-03.58.59:690][659]LogModuleManager: Shutting down and abandoning module ProceduralMeshComponentEditor (368)
[2018.12.02-03.58.59:690][659]LogModuleManager: Shutting down and abandoning module ProceduralMeshComponent (366)
[2018.12.02-03.58.59:690][659]LogModuleManager: Shutting down and abandoning module OculusInput (364)
[2018.12.02-03.58.59:690][659]LogModuleManager: Shutting down and abandoning module MobilePatchingUtils (362)
[2018.12.02-03.58.59:690][659]LogModuleManager: Shutting down and abandoning module CustomMeshComponent (360)
[2018.12.02-03.58.59:690][659]LogModuleManager: Shutting down and abandoning module CableComponent (358)
[2018.12.02-03.58.59:690][659]LogModuleManager: Shutting down and abandoning module AudioCapture (356)
[2018.12.02-03.58.59:690][659]LogModuleManager: Shutting down and abandoning module ArchVisCharacter (354)
[2018.12.02-03.58.59:691][659]LogModuleManager: Shutting down and abandoning module AndroidPermission (352)
[2018.12.02-03.58.59:691][659]LogModuleManager: Shutting down and abandoning module NUTUnrealEngine4 (348)
[2018.12.02-03.58.59:691][659]LogModuleManager: Shutting down and abandoning module NetcodeUnitTest (346)
[2018.12.02-03.58.59:691][659]LogModuleManager: Shutting down and abandoning module MediaCompositingEditor (344)
[2018.12.02-03.58.59:691][659]LogModuleManager: Shutting down and abandoning module MediaCompositing (342)
[2018.12.02-03.58.59:691][659]LogModuleManager: Shutting down and abandoning module LinearTimecode (340)
[2018.12.02-03.58.59:691][659]LogModuleManager: Shutting down and abandoning module ImgMedia (338)
[2018.12.02-03.58.59:694][659]LogModuleManager: Shutting down and abandoning module HTML5Networking (336)
[2018.12.02-03.58.59:694][659]LogModuleManager: Shutting down and abandoning module AlembicImporter (334)
[2018.12.02-03.58.59:694][659]LogModuleManager: Shutting down and abandoning module AlembicLibrary (333)
[2018.12.02-03.58.59:694][659]LogModuleManager: Shutting down and abandoning module GeometryCache (332)
[2018.12.02-03.58.59:694][659]LogModuleManager: Shutting down and abandoning module GeometryCacheEd (331)
[2018.12.02-03.58.59:694][659]LogModuleManager: Shutting down and abandoning module DatasmithContent (326)
[2018.12.02-03.58.59:694][659]LogModuleManager: Shutting down and abandoning module SpeedTreeImporter (324)
[2018.12.02-03.58.59:694][659]LogModuleManager: Shutting down and abandoning module PluginBrowser (322)
[2018.12.02-03.58.59:694][659]LogModuleManager: Shutting down and abandoning module MobileLauncherProfileWizard (320)
[2018.12.02-03.58.59:694][659]LogModuleManager: Shutting down and abandoning module CryptoKeysOpenSSL (318)
[2018.12.02-03.58.59:694][659]LogModuleManager: Shutting down and abandoning module CryptoKeys (316)
[2018.12.02-03.58.59:694][659]LogModuleManager: Shutting down and abandoning module VisualStudioSourceCodeAccess (314)
[2018.12.02-03.58.59:694][659]LogModuleManager: Shutting down and abandoning module VisualStudioCodeSourceCodeAccess (312)
[2018.12.02-03.58.59:694][659]LogModuleManager: Shutting down and abandoning module UObjectPlugin (310)
[2018.12.02-03.58.59:694][659]LogModuleManager: Shutting down and abandoning module SubversionSourceControl (308)
[2018.12.02-03.58.59:694][659]LogModuleManager: Shutting down and abandoning module PerforceSourceControl (306)
[2018.12.02-03.58.59:694][659]LogModuleManager: Shutting down and abandoning module GitSourceControl (304)
[2018.12.02-03.58.59:694][659]LogModuleManager: Shutting down and abandoning module SourceControl (303)
[2018.12.02-03.58.59:694][659]LogModuleManager: Shutting down and abandoning module CLionSourceCodeAccess (300)
[2018.12.02-03.58.59:694][659]LogModuleManager: Shutting down and abandoning module LightPropagationVolumeEditor (298)
[2018.12.02-03.58.59:694][659]LogModuleManager: Shutting down and abandoning module PaperTiledImporter (296)
[2018.12.02-03.58.59:694][659]LogModuleManager: Shutting down and abandoning module PaperSpriteSheetImporter (294)
[2018.12.02-03.58.59:694][659]LogModuleManager: Shutting down and abandoning module Paper2DEditor (292)
[2018.12.02-03.58.59:694][659]LogModuleManager: Shutting down and abandoning module MeshPaint (291)
[2018.12.02-03.58.59:694][659]LogModuleManager: Shutting down and abandoning module RuntimePhysXCooking (288)
[2018.12.02-03.58.59:694][659]LogModuleManager: Shutting down and abandoning module PhysXVehiclesEditor (286)
[2018.12.02-03.58.59:694][659]LogModuleManager: Shutting down and abandoning module PhysXVehicles (284)
[2018.12.02-03.58.59:694][659]LogModuleManager: Shutting down and abandoning module OculusEditor (282)
[2018.12.02-03.58.59:694][659]LogModuleManager: Shutting down and abandoning module LocationServicesBPLibrary (280)
[2018.12.02-03.58.59:694][659]LogModuleManager: Shutting down and abandoning module ImmediatePhysicsEditor (278)
[2018.12.02-03.58.59:694][659]LogModuleManager: Shutting down and abandoning module ImmediatePhysics (276)
[2018.12.02-03.58.59:694][659]LogModuleManager: Shutting down and abandoning module ActorSequence (274)
[2018.12.02-03.58.59:694][659]LogModuleManager: Shutting down and abandoning module UdpMessaging (272)
[2018.12.02-03.58.59:795][659]LogModuleManager: Shutting down and abandoning module TcpMessaging (270)
[2018.12.02-03.58.59:896][659]LogModuleManager: Shutting down and abandoning module GameplayTagsEditor (268)
[2018.12.02-03.58.59:896][659]LogModuleManager: Shutting down and abandoning module FacialAnimationEditor (266)
[2018.12.02-03.58.59:896][659]LogModuleManager: Shutting down and abandoning module FacialAnimation (264)
[2018.12.02-03.58.59:896][659]LogModuleManager: Shutting down and abandoning module DataValidation (262)
[2018.12.02-03.58.59:896][659]LogModuleManager: Shutting down and abandoning module AssetManagerEditor (260)
[2018.12.02-03.58.59:896][659]LogModuleManager: Shutting down and abandoning module LevelEditor (259)
[2018.12.02-03.58.59:896][659]LogModuleManager: Shutting down and abandoning module PixelInspectorModule (258)
[2018.12.02-03.58.59:896][659]LogModuleManager: Shutting down and abandoning module CommonMenuExtensions (256)
[2018.12.02-03.58.59:897][659]LogModuleManager: Shutting down and abandoning module MainFrame (254)
[2018.12.02-03.58.59:897][659]LogModuleManager: Shutting down and abandoning module HotReload (253)
[2018.12.02-03.58.59:897][659]LogModuleManager: Shutting down and abandoning module ContentBrowser (249)
[2018.12.02-03.58.59:898][659]LogModuleManager: Shutting down and abandoning module TreeMap (247)
[2018.12.02-03.58.59:898][659]LogModuleManager: Shutting down and abandoning module LightPropagationVolumeRuntime (244)
[2018.12.02-03.58.59:898][659]LogModuleManager: Shutting down and abandoning module LiveLinkEditor (242)
[2018.12.02-03.58.59:898][659]LogModuleManager: Shutting down and abandoning module LiveLink (240)
[2018.12.02-03.59.00:324][659]LogModuleManager: Shutting down and abandoning module Paper2D (238)
[2018.12.02-03.59.00:324][659]LogModuleManager: Shutting down and abandoning module WindowsMoviePlayer (236)
[2018.12.02-03.59.00:324][659]LogModuleManager: Shutting down and abandoning module WmfMedia (234)
[2018.12.02-03.59.00:326][659]LogModuleManager: Shutting down and abandoning module Media (233)
[2018.12.02-03.59.00:332][659]LogModuleManager: Shutting down and abandoning module PacketHandler (230)
[2018.12.02-03.59.00:332][659]LogModuleManager: Shutting down and abandoning module ClothingSystemEditor (228)
[2018.12.02-03.59.00:332][659]LogModuleManager: Shutting down and abandoning module ClothingSystemRuntime (226)
[2018.12.02-03.59.00:332][659]LogModuleManager: Shutting down and abandoning module MediaAssets (224)
[2018.12.02-03.59.00:332][659]LogModuleManager: Shutting down and abandoning module Overlay (222)
[2018.12.02-03.59.00:332][659]LogModuleManager: Shutting down and abandoning module OverlayEditor (221)
[2018.12.02-03.59.00:332][659]LogModuleManager: Shutting down and abandoning module VREditor (218)
[2018.12.02-03.59.00:332][659]LogModuleManager: Shutting down and abandoning module StringTableEditor (216)
[2018.12.02-03.59.00:332][659]LogModuleManager: Shutting down and abandoning module GameplayTasksEditor (214)
[2018.12.02-03.59.00:332][659]LogModuleManager: Shutting down and abandoning module BehaviorTreeEditor (212)
[2018.12.02-03.59.00:332][659]LogModuleManager: Shutting down and abandoning module FunctionalTesting (210)
[2018.12.02-03.59.00:332][659]LogModuleManager: Shutting down and abandoning module CollisionAnalyzer (208)
[2018.12.02-03.59.00:333][659]LogModuleManager: Shutting down and abandoning module WorkspaceMenuStructure (207)
[2018.12.02-03.59.00:333][659]LogModuleManager: Shutting down and abandoning module UMG (204)
[2018.12.02-03.59.00:333][659]LogModuleManager: Shutting down and abandoning module UMGEditor (203)
[2018.12.02-03.59.00:333][659]LogModuleManager: Shutting down and abandoning module Sequencer (202)
[2018.12.02-03.59.00:333][659]LogModuleManager: Shutting down and abandoning module MessageLog (199)
[2018.12.02-03.59.00:333][659]LogModuleManager: Shutting down and abandoning module SlateReflector (194)
[2018.12.02-03.59.00:333][659]LogModuleManager: Shutting down and abandoning module Slate (192)
[2018.12.02-03.59.00:333][659]LogModuleManager: Shutting down and abandoning module EditorStyle (190)
[2018.12.02-03.59.00:334][659]LogModuleManager: Shutting down and abandoning module MRMesh (188)
[2018.12.02-03.59.00:334][659]LogModuleManager: Shutting down and abandoning module SourceCodeAccess (186)
[2018.12.02-03.59.00:334][659]LogModuleManager: Shutting down and abandoning module HeadMountedDisplay (184)
[2018.12.02-03.59.00:334][659]LogModuleManager: Shutting down and abandoning module XAudio2 (182)
[2018.12.02-03.59.00:334][659]LogModuleManager: Shutting down and abandoning module Networking (180)
[2018.12.02-03.59.00:334][659]LogModuleManager: Shutting down and abandoning module Core (178)
[2018.12.02-03.59.00:334][659]LogModuleManager: Shutting down and abandoning module LevelSequence (176)
[2018.12.02-03.59.00:334][659]LogModuleManager: Shutting down and abandoning module KismetCompiler (174)
[2018.12.02-03.59.00:334][659]LogModuleManager: Shutting down and abandoning module MeshUtilities (172)
[2018.12.02-03.59.00:334][659]LogModuleManager: Shutting down and abandoning module MeshMergeUtilities (171)
[2018.12.02-03.59.00:334][659]LogModuleManager: Shutting down and abandoning module MeshReductionInterface (170)
[2018.12.02-03.59.00:334][659]LogModuleManager: Shutting down and abandoning module SimplygonSwarm (169)
[2018.12.02-03.59.00:334][659]LogModuleManager: Shutting down and abandoning module SimplygonMeshReduction (167)
[2018.12.02-03.59.00:334][659]LogModuleManager: Shutting down and abandoning module QuadricMeshReduction (165)
[2018.12.02-03.59.00:334][659]LogModuleManager: Shutting down and abandoning module MaterialBaking (161)
[2018.12.02-03.59.00:334][659]LogModuleManager: Shutting down and abandoning module DirectoryWatcher (157)
[2018.12.02-03.59.00:336][659]LogModuleManager: Shutting down and abandoning module DerivedDataCache (154)
[2018.12.02-03.59.00:411][659]LogDerivedDataCache: Shutdown
[2018.12.02-03.59.00:411][659]LogModuleManager: Shutting down and abandoning module XGEController (152)
[2018.12.02-03.59.00:411][659]LogModuleManager: Shutting down and abandoning module TargetPlatform (150)
[2018.12.02-03.59.00:411][659]LogModuleManager: Shutting down and abandoning module VulkanShaderFormat (149)
[2018.12.02-03.59.00:411][659]LogModuleManager: Shutting down and abandoning module ShaderFormatVectorVM (147)
[2018.12.02-03.59.00:411][659]LogModuleManager: Shutting down and abandoning module ShaderFormatOpenGL (145)
[2018.12.02-03.59.00:411][659]LogModuleManager: Shutting down and abandoning module ShaderFormatD3D (143)
[2018.12.02-03.59.00:411][659]LogModuleManager: Shutting down and abandoning module MetalShaderFormat (141)
[2018.12.02-03.59.00:411][659]LogModuleManager: Shutting down and abandoning module TextureFormatUncompressed (139)
[2018.12.02-03.59.00:411][659]LogModuleManager: Shutting down and abandoning module TextureFormatPVR (137)
[2018.12.02-03.59.00:411][659]LogModuleManager: Shutting down and abandoning module TextureFormatDXT (135)
[2018.12.02-03.59.00:411][659]LogModuleManager: Shutting down and abandoning module TextureFormatIntelISPCTexComp (133)
[2018.12.02-03.59.00:412][659]LogModuleManager: Shutting down and abandoning module TextureFormatASTC (131)
[2018.12.02-03.59.00:412][659]LogModuleManager: Shutting down and abandoning module ImageWrapper (130)
[2018.12.02-03.59.00:412][659]LogModuleManager: Shutting down and abandoning module TextureFormatAndroid (127)
[2018.12.02-03.59.00:412][659]LogModuleManager: Shutting down and abandoning module AudioFormatOpus (125)
[2018.12.02-03.59.00:412][659]LogModuleManager: Shutting down and abandoning module AudioFormatOgg (123)
[2018.12.02-03.59.00:412][659]LogModuleManager: Shutting down and abandoning module AudioFormatADPCM (121)
[2018.12.02-03.59.00:412][659]LogModuleManager: Shutting down and abandoning module LinuxTargetPlatform (119)
[2018.12.02-03.59.00:412][659]LogModuleManager: Shutting down and abandoning module LinuxServerTargetPlatform (117)
[2018.12.02-03.59.00:412][659]LogModuleManager: Shutting down and abandoning module LinuxNoEditorTargetPlatform (115)
[2018.12.02-03.59.00:412][659]LogModuleManager: Shutting down and abandoning module LinuxClientTargetPlatform (113)
[2018.12.02-03.59.00:412][659]LogModuleManager: Shutting down and abandoning module TVOSTargetPlatform (111)
[2018.12.02-03.59.00:412][659]LogModuleManager: Shutting down and abandoning module Messaging (109)
[2018.12.02-03.59.00:412][659]LogModuleManager: Shutting down and abandoning module IOSTargetPlatform (107)
[2018.12.02-03.59.00:412][659]LogModuleManager: Shutting down and abandoning module HTML5TargetPlatform (105)
[2018.12.02-03.59.00:412][659]LogModuleManager: Shutting down and abandoning module AndroidTargetPlatform (103)
[2018.12.02-03.59.00:412][659]LogModuleManager: Shutting down and abandoning module Android_PVRTCTargetPlatform (101)
[2018.12.02-03.59.00:412][659]LogModuleManager: Shutting down and abandoning module Android_MultiTargetPlatform (99)
[2018.12.02-03.59.00:412][659]LogModuleManager: Shutting down and abandoning module Android_ETC2TargetPlatform (97)
[2018.12.02-03.59.00:412][659]LogModuleManager: Shutting down and abandoning module Android_ETC1TargetPlatform (95)
[2018.12.02-03.59.00:412][659]LogModuleManager: Shutting down and abandoning module Android_ETC1aTargetPlatform (93)
[2018.12.02-03.59.00:412][659]LogModuleManager: Shutting down and abandoning module Android_DXTTargetPlatform (91)
[2018.12.02-03.59.00:412][659]LogModuleManager: Shutting down and abandoning module Android_ATCTargetPlatform (89)
[2018.12.02-03.59.00:412][659]LogModuleManager: Shutting down and abandoning module Android_ASTCTargetPlatform (87)
[2018.12.02-03.59.00:412][659]LogModuleManager: Shutting down and abandoning module WindowsTargetPlatform (85)
[2018.12.02-03.59.00:412][659]LogModuleManager: Shutting down and abandoning module WindowsServerTargetPlatform (83)
[2018.12.02-03.59.00:412][659]LogModuleManager: Shutting down and abandoning module WindowsNoEditorTargetPlatform (81)
[2018.12.02-03.59.00:412][659]LogModuleManager: Shutting down and abandoning module WindowsClientTargetPlatform (79)
[2018.12.02-03.59.00:412][659]LogModuleManager: Shutting down and abandoning module MacTargetPlatform (77)
[2018.12.02-03.59.00:412][659]LogModuleManager: Shutting down and abandoning module MacServerTargetPlatform (75)
[2018.12.02-03.59.00:412][659]LogModuleManager: Shutting down and abandoning module MacNoEditorTargetPlatform (73)
[2018.12.02-03.59.00:412][659]LogModuleManager: Shutting down and abandoning module MacClientTargetPlatform (71)
[2018.12.02-03.59.00:412][659]LogModuleManager: Shutting down and abandoning module AllDesktopTargetPlatform (69)
[2018.12.02-03.59.00:412][659]LogModuleManager: Shutting down and abandoning module InputCore (66)
[2018.12.02-03.59.00:412][659]LogModuleManager: Shutting down and abandoning module Settings (64)
[2018.12.02-03.59.00:412][659]LogModuleManager: Shutting down and abandoning module PhysXCooking (62)
[2018.12.02-03.59.00:412][659]LogModuleManager: Shutting down and abandoning module SteamVR (60)
[2018.12.02-03.59.00:412][659]LogModuleManager: Shutting down and abandoning module OculusHMD (58)
[2018.12.02-03.59.00:412][659]LogModuleManager: Shutting down and abandoning module ExampleDeviceProfileSelector (56)
[2018.12.02-03.59.00:412][659]LogModuleManager: Shutting down and abandoning module AppleARKit (54)
[2018.12.02-03.59.00:412][659]LogModuleManager: Shutting down and abandoning module AugmentedReality (51)
[2018.12.02-03.59.00:412][659]LogModuleManager: Shutting down and abandoning module OnlineBlueprintSupport (48)
[2018.12.02-03.59.00:412][659]LogModuleManager: Shutting down and abandoning module OnlineSubsystem (44)
[2018.12.02-03.59.00:412][659]LogModuleManager: Shutting down and abandoning module XMPP (43)
[2018.12.02-03.59.00:412][659]LogModuleManager: Shutting down and abandoning module HTTP (41)
[2018.12.02-03.59.00:412][659]LogHttp: Display: Http module shutting down, but needs to wait on 1 outstanding Http requests:
[2018.12.02-03.59.00:412][659]LogHttp: Display: 	verb=[POST] url=[https://datarouter.ol.epicgames.com/datarouter/api/v1/public/data?SessionID=%7BBD0C75B8-4BA7-15BE-D9AE-BC8AA1F99266%7D&AppID=UEEditor.Rocket.Release&AppVersion=4.19.2-4033788%2B%2B%2BUE4%2BRelease-4.19&UserID=aa4f7dc84466027dcb5939941181074c%7C721e28f8ea5b4317b66a861623b65c63%7Cee32f485-913d-401b-bf4f-1a5c16d7ece2&AppEnvironment=datacollector-binary&UploadType=eteventstream] status=Processing
[2018.12.02-03.59.00:424][659]LogModuleManager: Shutting down and abandoning module SSL (40)
[2018.12.02-03.59.00:425][659]LogModuleManager: Shutting down and abandoning module AnimationModifiers (36)
[2018.12.02-03.59.00:425][659]LogModuleManager: Shutting down and abandoning module PropertyEditor (35)
[2018.12.02-03.59.00:425][659]LogModuleManager: Shutting down and abandoning module AudioEditor (32)
[2018.12.02-03.59.00:425][659]LogModuleManager: Shutting down and abandoning module TextureCompressor (30)
[2018.12.02-03.59.00:425][659]LogModuleManager: Shutting down and abandoning module ShaderCore (28)
[2018.12.02-03.59.00:425][659]LogModuleManager: Shutting down and abandoning module Landscape (26)
[2018.12.02-03.59.00:425][659]LogModuleManager: Shutting down and abandoning module SlateRHIRenderer (24)
[2018.12.02-03.59.00:426][659]LogModuleManager: Shutting down and abandoning module OpenGLDrv (22)
[2018.12.02-03.59.00:426][659]LogModuleManager: Shutting down and abandoning module D3D11RHI (20)
[2018.12.02-03.59.00:426][659]LogModuleManager: Shutting down and abandoning module AnimGraphRuntime (18)
[2018.12.02-03.59.00:426][659]LogModuleManager: Shutting down and abandoning module Renderer (16)
[2018.12.02-03.59.00:426][659]LogModuleManager: Shutting down and abandoning module Engine (14)
[2018.12.02-03.59.00:426][659]LogModuleManager: Shutting down and abandoning module CoreUObject (12)
[2018.12.02-03.59.00:426][659]LogModuleManager: Shutting down and abandoning module NetworkFile (10)
[2018.12.02-03.59.00:426][659]LogModuleManager: Shutting down and abandoning module CookedIterativeFile (8)
[2018.12.02-03.59.00:426][659]LogModuleManager: Shutting down and abandoning module StreamingFile (6)
[2018.12.02-03.59.00:426][659]LogModuleManager: Shutting down and abandoning module SandboxFile (4)
[2018.12.02-03.59.00:426][659]LogModuleManager: Shutting down and abandoning module PakFile (2)
[2018.12.02-03.59.00:434][659]LogExit: Exiting.
[2018.12.02-03.59.00:450][659]Log file closed, 12/01/18 21:59:00
